#
# A fatal error has been detected by the Java Runtime Environment:
#
#  SIGSEGV (0xb) at pc=0x00007f8d2c6ea500, pid=31011, tid=31014
#
# JRE version: OpenJDK Runtime Environment (14.0.1+7) (build 14.0.1+7)
# Java VM: OpenJDK 64-Bit Server VM (14.0.1+7, mixed mode, sharing, tiered, compressed oops, g1 gc, linux-amd64)
# Problematic frame:
# j  jdk.internal.misc.Unsafe.freeMemory0(J)V+0 java.base@14.0.1
#
# Core dump will be written. Default location: Core dumps may be processed with "/usr/share/apport/apport %p %s %c %d %P %E" (or dumping to /home/bagrorg/IdeaProjects/MatrixCUDA/core.31011)
#
# If you would like to submit a bug report, please visit:
#   https://bugreport.java.com/bugreport/crash.jsp
#

---------------  S U M M A R Y ------------

Command Line: -javaagent:/snap/intellij-idea-ultimate/289/lib/idea_rt.jar=43021:/snap/intellij-idea-ultimate/289/bin -Dfile.encoding=UTF-8 com.example.bagrorg.MainKt

Host: Intel(R) Core(TM) i5-10210U CPU @ 1.60GHz, 8 cores, 7G, Ubuntu 20.04.2 LTS
Time: Wed Apr  7 22:56:53 2021 MSK elapsed time: 0 seconds (0d 0h 0m 0s)

---------------  T H R E A D  ---------------

Current thread (0x00007f8d4402a800):  JavaThread "main" [_thread_in_Java, id=31014, stack(0x00007f8d48cc1000,0x00007f8d48dc2000)]

Stack: [0x00007f8d48cc1000,0x00007f8d48dc2000],  sp=0x00007f8d48dc0530,  free space=1021k
Native frames: (J=compiled Java code, A=aot compiled Java code, j=interpreted, Vv=VM code, C=native code)
j  jdk.internal.misc.Unsafe.freeMemory0(J)V+0 java.base@14.0.1
j  jdk.internal.misc.Unsafe.freeMemory(J)V+14 java.base@14.0.1
j  sun.nio.fs.NativeBuffer$Deallocator.run()V+7 java.base@14.0.1
j  jdk.internal.ref.CleanerImpl$PhantomCleanableRef.performCleanup()V+4 java.base@14.0.1
j  jdk.internal.ref.PhantomCleanable.clean()V+12 java.base@14.0.1
j  sun.nio.fs.NativeBuffer.free()V+4 java.base@14.0.1
j  sun.nio.fs.NativeBuffers$1.threadTerminated([Lsun/nio/fs/NativeBuffer;)V+20 java.base@14.0.1
j  sun.nio.fs.NativeBuffers$1.threadTerminated(Ljava/lang/Object;)V+5 java.base@14.0.1
j  jdk.internal.misc.TerminatingThreadLocal._threadTerminated()V+5 java.base@14.0.1
j  jdk.internal.misc.TerminatingThreadLocal.threadTerminated()V+35 java.base@14.0.1
j  java.lang.Thread.exit()V+16 java.base@14.0.1
v  ~StubRoutines::call_stub
V  [libjvm.so+0x78e54b]  JavaCalls::call_helper(JavaValue*, methodHandle const&, JavaCallArguments*, Thread*)+0x2fb
V  [libjvm.so+0x78e829]  JavaCalls::call_virtual(JavaValue*, Klass*, Symbol*, Symbol*, JavaCallArguments*, Thread*)+0x179
V  [libjvm.so+0x78e8f1]  JavaCalls::call_virtual(JavaValue*, Handle, Klass*, Symbol*, Symbol*, Thread*)+0x81
V  [libjvm.so+0xccad1c]  JavaThread::exit(bool, JavaThread::ExitType)+0x30c
V  [libjvm.so+0x7ffac8]  jni_DetachCurrentThread+0x58
C  [libjli.so+0x461e]  JavaMain+0xcee
C  [libjli.so+0x8569]  ThreadJavaMain+0x9

Java frames: (J=compiled Java code, j=interpreted, Vv=VM code)
j  jdk.internal.misc.Unsafe.freeMemory0(J)V+0 java.base@14.0.1
j  jdk.internal.misc.Unsafe.freeMemory(J)V+14 java.base@14.0.1
j  sun.nio.fs.NativeBuffer$Deallocator.run()V+7 java.base@14.0.1
j  jdk.internal.ref.CleanerImpl$PhantomCleanableRef.performCleanup()V+4 java.base@14.0.1
j  jdk.internal.ref.PhantomCleanable.clean()V+12 java.base@14.0.1
j  sun.nio.fs.NativeBuffer.free()V+4 java.base@14.0.1
j  sun.nio.fs.NativeBuffers$1.threadTerminated([Lsun/nio/fs/NativeBuffer;)V+20 java.base@14.0.1
j  sun.nio.fs.NativeBuffers$1.threadTerminated(Ljava/lang/Object;)V+5 java.base@14.0.1
j  jdk.internal.misc.TerminatingThreadLocal._threadTerminated()V+5 java.base@14.0.1
j  jdk.internal.misc.TerminatingThreadLocal.threadTerminated()V+35 java.base@14.0.1
j  java.lang.Thread.exit()V+16 java.base@14.0.1
v  ~StubRoutines::call_stub

siginfo: si_signo: 11 (SIGSEGV), si_code: 1 (SEGV_MAPERR), si_addr: 0xffffffffffffff84

Register to memory mapping:

RAX=0x0 is NULL
RBX={method} {0x000000080034c708} 'freeMemory0' '(J)V' in 'jdk/internal/misc/Unsafe'
RCX=0x00007f8d441ab490 points into unknown readable memory: 5d 01 00 00 00 00 00 00
RDX=0x00007f8d44029e88 points into unknown readable memory: 35 00 00 00 00 00 00 00
RSP=0x00007f8d48dc0530 is pointing into the stack for thread: 0x00007f8d4402a800
RBP=0x00007f8d48dc05a0 is pointing into the stack for thread: 0x00007f8d4402a800
RSI=0x00007f8d44029e90 points into unknown readable memory: 03 00 00 00 1e 00 00 00
RDI=0x00007f8d48dc04f0 is pointing into the stack for thread: 0x00007f8d4402a800
R8 ={method} {0x000000080034c708} 'freeMemory0' '(J)V' in 'jdk/internal/misc/Unsafe'
R9 =0x0000000000000004 is an unknown value
R10=0x00007f8d44029ec0 points into unknown readable memory: f0 9c 11 00 08 00 00 00
R11=0x0 is NULL
R12=0x0 is NULL
R13=0x0000000800a19e50 is pointing into metadata
R14=0x00007f8d48dc05d0 is pointing into the stack for thread: 0x00007f8d4402a800
R15=0x00007f8d4402a800 is a thread


Registers:
RAX=0x0000000000000000, RBX=0x000000080034c708, RCX=0x00007f8d441ab490, RDX=0x00007f8d44029e88
RSP=0x00007f8d48dc0530, RBP=0x00007f8d48dc05a0, RSI=0x00007f8d44029e90, RDI=0x00007f8d48dc04f0
R8 =0x000000080034c708, R9 =0x0000000000000004, R10=0x00007f8d44029ec0, R11=0x0000000000000000
R12=0x0000000000000000, R13=0x0000000800a19e50, R14=0x00007f8d48dc05d0, R15=0x00007f8d4402a800
RIP=0x00007f8d2c6ea500, EFLAGS=0x0000000000010286, CSGSFS=0x002b000000000033, ERR=0x0000000000000005
  TRAPNO=0x000000000000000e

Top of Stack: (sp=0x00007f8d48dc0530)
0x00007f8d48dc0530:   0000000000000000 00007f8d2c6ea4c3
0x00007f8d48dc0540:   00007f8d48dc05a0 00007f8d2c6ea3de
0x00007f8d48dc0550:   00007f8d2c6ea396 00007f8d48dc0558
0x00007f8d48dc0560:   0000000800a19e50 00007f8d48dc05d0 

Instructions: (pc=0x00007f8d2c6ea500)
0x00007f8d2c6ea400:   49 ba 00 00 00 00 00 00 00 00 4d 89 97 f8 02 00
0x00007f8d2c6ea410:   00 c5 f8 77 49 81 7f 08 00 00 00 00 0f 84 05 00
0x00007f8d2c6ea420:   00 00 e9 59 14 ff ff 4c 8b 6d c0 4c 8b 75 c8 c3
0x00007f8d2c6ea430:   48 8b 43 18 48 85 c0 0f 84 12 00 00 00 8b 48 18
0x00007f8d2c6ea440:   83 c1 08 89 48 18 23 48 30 0f 84 5d 07 00 00 89
0x00007f8d2c6ea450:   84 24 00 c0 fe ff 41 c6 87 a5 03 00 00 00 80 3d
0x00007f8d2c6ea460:   4a 03 94 1d 00 0f 84 2a 00 00 00 48 8b 75 e8 49
0x00007f8d2c6ea470:   8b ff f7 c4 0f 00 00 00 0f 84 12 00 00 00 48 83
0x00007f8d2c6ea480:   ec 08 e8 09 1d 40 1d 48 83 c4 08 e9 05 00 00 00
0x00007f8d2c6ea490:   e8 fb 1c 40 1d 48 8b 5d e8 4c 8b 5b 08 45 0f b7
0x00007f8d2c6ea4a0:   5b 34 41 c1 e3 03 49 2b e3 48 83 ec 00 48 83 e4
0x00007f8d2c6ea4b0:   f0 4c 8b 5b 60 4d 85 db 0f 85 a7 00 00 00 e8 05
0x00007f8d2c6ea4c0:   00 00 00 e9 95 00 00 00 48 8b f3 48 8d 44 24 08
0x00007f8d2c6ea4d0:   4c 89 6d c0 49 8b ff c5 f8 77 49 89 af 00 03 00
0x00007f8d2c6ea4e0:   00 49 89 87 f0 02 00 00 f7 c4 0f 00 00 00 0f 84
0x00007f8d2c6ea4f0:   12 00 00 00 48 83 ec 08 e8 c3 e2 fa 1c 40 84 f7
0x00007f8d2c6ea500:   ff 50 84 f7 ff 60 84 f7 ff 70 84 f7 ff 00 00 00
0x00007f8d2c6ea510:   00 00 00 00 00 4d 89 97 f0 02 00 00 49 ba 00 00
0x00007f8d2c6ea520:   00 00 00 00 00 00 4d 89 97 00 03 00 00 49 ba 00
0x00007f8d2c6ea530:   00 00 00 00 00 00 00 4d 89 97 f8 02 00 00 c5 f8
0x00007f8d2c6ea540:   77 49 81 7f 08 00 00 00 00 0f 84 05 00 00 00 e9
0x00007f8d2c6ea550:   2c 13 ff ff 4c 8b 6d c0 4c 8b 75 c8 c3 48 8b 5d
0x00007f8d2c6ea560:   e8 4c 8b 5b 60 41 ff d3 48 8b 5d e8 48 89 45 18
0x00007f8d2c6ea570:   44 8b 5b 20 41 f7 c3 08 00 00 00 0f 84 1b 00 00
0x00007f8d2c6ea580:   00 4c 8b 5b 08 4d 8b 5b 08 4d 8b 5b 18 4d 8b 5b
0x00007f8d2c6ea590:   70 4d 8b 1b 4c 89 5d 10 48 8d 75 10 48 8b 43 58
0x00007f8d2c6ea5a0:   49 ba 10 b5 ae 49 8d 7f 00 00 49 3b c2 0f 85 a7
0x00007f8d2c6ea5b0:   00 00 00 e8 05 00 00 00 e9 95 00 00 00 48 8b f3
0x00007f8d2c6ea5c0:   48 8d 44 24 08 4c 89 6d c0 49 8b ff c5 f8 77 49
0x00007f8d2c6ea5d0:   89 af 00 03 00 00 49 89 87 f0 02 00 00 f7 c4 0f
0x00007f8d2c6ea5e0:   00 00 00 0f 84 12 00 00 00 48 83 ec 08 e8 ce e1
0x00007f8d2c6ea5f0:   fa 1c 48 83 c4 08 e9 05 00 00 00 e8 c0 e1 fa 1c 


Stack slot to memory mapping:
stack at sp + 0 slots: 0x0 is NULL
stack at sp + 1 slots: 0x00007f8d2c6ea4c3 is at code_begin+483 in an Interpreter codelet
method entry point (kind = native)  [0x00007f8d2c6ea2e0, 0x00007f8d2c6eac60]  2432 bytes
stack at sp + 2 slots: 0x00007f8d48dc05a0 is pointing into the stack for thread: 0x00007f8d4402a800
stack at sp + 3 slots: 0x00007f8d2c6ea3de is at code_begin+254 in an Interpreter codelet
method entry point (kind = native)  [0x00007f8d2c6ea2e0, 0x00007f8d2c6eac60]  2432 bytes
stack at sp + 4 slots: 0x00007f8d2c6ea396 is at code_begin+182 in an Interpreter codelet
method entry point (kind = native)  [0x00007f8d2c6ea2e0, 0x00007f8d2c6eac60]  2432 bytes
stack at sp + 5 slots: 0x00007f8d48dc0558 is pointing into the stack for thread: 0x00007f8d4402a800
stack at sp + 6 slots: 0x0000000800a19e50 is pointing into metadata
stack at sp + 7 slots: 0x00007f8d48dc05d0 is pointing into the stack for thread: 0x00007f8d4402a800

method entry point (kind = native)  [0x00007f8d2c6ea2e0, 0x00007f8d2c6eac60]  2432 bytes
[MachCode]
  0x00007f8d2c6ea2e0: 488b 4b08 | 0fb7 4934 | 584c 8d74 | ccf8 6800 | 0000 0068 | 0000 0000 | 5055 488b | ec41 5568 
  0x00007f8d2c6ea300: 0000 0000 | 4c8b 6b08 | 4d8d 6d38 | 5348 8b53 | 0848 8b52 | 0848 8b52 | 1848 8b52 | 7048 8b12 
  0x00007f8d2c6ea320: 5248 8b53 | 1048 85d2 | 0f84 0700 | 0000 4881 | c268 0100 | 0052 488b | 5308 488b | 5208 488b 
  0x00007f8d2c6ea340: 5210 5241 | 5668 0000 | 0000 6800 | 0000 0048 | 8924 2441 | c687 a503 | 0000 0148 | 8b43 1048 
  0x00007f8d2c6ea360: 85c0 7420 | 8b88 2c01 | 0000 83c1 | 0889 882c | 0100 0023 | 8840 0100 | 000f 842d | 0800 00e9 
  0x00007f8d2c6ea380: cb00 0000 | 488b 4318 | 4885 c00f | 85ac 0000 | 00e8 0500 | 0000 e995 | 0000 0048 | 8bf3 488d 
  0x00007f8d2c6ea3a0: 4424 084c | 896d c049 | 8bff c5f8 | 7749 89af | 0003 0000 | 4989 87f0 | 0200 00f7 | c40f 0000 
  0x00007f8d2c6ea3c0: 000f 8412 | 0000 0048 | 83ec 08e8 | c0b9 fa1c | 4883 c408 | e905 0000 | 00e8 b2b9 | fa1c 49ba 
  0x00007f8d2c6ea3e0: 0000 0000 | 0000 0000 | 4d89 97f0 | 0200 0049 | ba00 0000 | 0000 0000 | 004d 8997 | 0003 0000 
  0x00007f8d2c6ea400: 49ba 0000 | 0000 0000 | 0000 4d89 | 97f8 0200 | 00c5 f877 | 4981 7f08 | 0000 0000 | 0f84 0500 
  0x00007f8d2c6ea420: 0000 e959 | 14ff ff4c | 8b6d c04c | 8b75 c8c3 | 488b 4318 | 4885 c00f | 8412 0000 | 008b 4818 
  0x00007f8d2c6ea440: 83c1 0889 | 4818 2348 | 300f 845d | 0700 0089 | 8424 00c0 | feff 41c6 | 87a5 0300 | 0000 803d 
  0x00007f8d2c6ea460: 4a03 941d | 000f 842a | 0000 0048 | 8b75 e849 | 8bff f7c4 | 0f00 0000 | 0f84 1200 | 0000 4883 
  0x00007f8d2c6ea480: ec08 e809 | 1d40 1d48 | 83c4 08e9 | 0500 0000 | e8fb 1c40 | 1d48 8b5d | e84c 8b5b | 0845 0fb7 
  0x00007f8d2c6ea4a0: 5b34 41c1 | e303 492b | e348 83ec | 0048 83e4 | f04c 8b5b | 604d 85db | 0f85 a700 | 0000 e805 
  0x00007f8d2c6ea4c0: 0000 00e9 | 9500 0000 | 488b f348 | 8d44 2408 | 4c89 6dc0 | 498b ffc5 | f877 4989 | af00 0300 
  0x00007f8d2c6ea4e0: 0049 8987 | f002 0000 | f7c4 0f00 | 0000 0f84 | 1200 0000 | 4883 ec08 | e8c3 e2fa | 1c40 84f7 
  0x00007f8d2c6ea500: ff50 84f7 | ff60 84f7 | ff70 84f7 | ff00 0000 | 0000 0000 | 004d 8997 | f002 0000 | 49ba 0000 
  0x00007f8d2c6ea520: 0000 0000 | 0000 4d89 | 9700 0300 | 0049 ba00 | 0000 0000 | 0000 004d | 8997 f802 | 0000 c5f8 
  0x00007f8d2c6ea540: 7749 817f | 0800 0000 | 000f 8405 | 0000 00e9 | 2c13 ffff | 4c8b 6dc0 | 4c8b 75c8 | c348 8b5d 
  0x00007f8d2c6ea560: e84c 8b5b | 6041 ffd3 | 488b 5de8 | 4889 4518 | 448b 5b20 | 41f7 c308 | 0000 000f | 841b 0000 
  0x00007f8d2c6ea580: 004c 8b5b | 084d 8b5b | 084d 8b5b | 184d 8b5b | 704d 8b1b | 4c89 5d10 | 488d 7510 | 488b 4358 
  0x00007f8d2c6ea5a0: 49ba 10b5 | ae49 8d7f | 0000 493b | c20f 85a7 | 0000 00e8 | 0500 0000 | e995 0000 | 0048 8bf3 
  0x00007f8d2c6ea5c0: 488d 4424 | 084c 896d | c049 8bff | c5f8 7749 | 89af 0003 | 0000 4989 | 87f0 0200 | 00f7 c40f 
  0x00007f8d2c6ea5e0: 0000 000f | 8412 0000 | 0048 83ec | 08e8 cee1 | fa1c 4883 | c408 e905 | 0000 00e8 | c0e1 fa1c 
  0x00007f8d2c6ea600: 49ba 0000 | 0000 0000 | 0000 4d89 | 97f0 0200 | 0049 ba00 | 0000 0000 | 0000 004d | 8997 0003 
  0x00007f8d2c6ea620: 0000 49ba | 0000 0000 | 0000 0000 | 4d89 97f8 | 0200 00c5 | f877 4981 | 7f08 0000 | 0000 0f84 
  0x00007f8d2c6ea640: 0500 0000 | e937 12ff | ff4c 8b6d | c04c 8b75 | c8c3 488b | 5de8 488b | 4358 498d | bf10 0300 
  0x00007f8d2c6ea660: 00c5 f877 | 4989 af00 | 0300 0049 | ba61 a66e | 2c8d 7f00 | 004d 8997 | f802 0000 | 4989 a7f0 
  0x00007f8d2c6ea680: 0200 0041 | c787 8003 | 0000 0400 | 0000 ffd0 | c5f8 7748 | 83ec 10c5 | fb11 0424 | 4883 ec10 
  0x00007f8d2c6ea6a0: 4889 0424 | 49ba 0000 | 0000 0000 | 0000 4c89 | 5424 0841 | c787 8003 | 0000 0500 | 0000 f083 
  0x00007f8d2c6ea6c0: 4424 c000 | 41f6 8710 | 0100 0008 | 0f85 1100 | 0000 4181 | bfe0 0000 | 0000 0000 | 000f 8419 
  0x00007f8d2c6ea6e0: 0000 0049 | 8bff 4c8b | e448 83ec | 0048 83e4 | f0e8 2a00 | 4f1d 498b | e44d 33e4 | 41c7 8780 
  0x00007f8d2c6ea700: 0300 0008 | 0000 0049 | ba00 0000 | 0000 0000 | 004d 8997 | f002 0000 | 49ba 0000 | 0000 0000 
  0x00007f8d2c6ea720: 0000 4d89 | 9700 0300 | 0049 ba00 | 0000 0000 | 0000 004d | 8997 f802 | 0000 c5f8 | 774d 8b9f 
  0x00007f8d2c6ea740: e800 0000 | 41c7 8300 | 0100 0000 | 0000 0049 | bb5b 776e | 2c8d 7f00 | 004c 3b5d | 180f 85a6 
  0x00007f8d2c6ea760: 0000 0048 | 8b04 2448 | 83c4 1048 | 85c0 0f84 | 7a00 0000 | 48a9 0100 | 0000 0f84 | 6b00 0000 
  0x00007f8d2c6ea780: 488b 40ff | 4180 7f30 | 000f 8457 | 0000 0048 | 83f8 000f | 844d 0000 | 004d 8b5f | 3849 83fb 
  0x00007f8d2c6ea7a0: 000f 8414 | 0000 0049 | 83eb 084d | 895f 384d | 035f 4849 | 8903 e92b | 0000 0050 | 498b f748 
  0x00007f8d2c6ea7c0: 8bf8 f7c4 | 0f00 0000 | 0f84 1200 | 0000 4883 | ec08 e829 | 8ce7 1c48 | 83c4 08e9 | 0500 0000 
  0x00007f8d2c6ea7e0: e81b 8ce7 | 1c58 e903 | 0000 0048 | 8b00 4889 | 4510 4883 | ec10 4889 | 0424 49ba | 0000 0000 
  0x00007f8d2c6ea800: 0000 0000 | 4c89 5424 | 0841 81bf | d003 0000 | 0200 0000 | 0f85 bd00 | 0000 4889 | 6424 d848 
  0x00007f8d2c6ea820: 81ec 8000 | 0000 4889 | 4424 7848 | 894c 2470 | 4889 5424 | 6848 895c | 2460 4889 | 6c24 5048 
  0x00007f8d2c6ea840: 8974 2448 | 4889 7c24 | 404c 8944 | 2438 4c89 | 4c24 304c | 8954 2428 | 4c89 5c24 | 204c 8964 
  0x00007f8d2c6ea860: 2418 4c89 | 6c24 104c | 8974 2408 | 4c89 3c24 | 4c8b e448 | 83ec 0048 | 83e4 f0e8 | e026 401d 
  0x00007f8d2c6ea880: 498b e44c | 8b3c 244c | 8b74 2408 | 4c8b 6c24 | 104c 8b64 | 2418 4c8b | 5c24 204c | 8b54 2428 
  0x00007f8d2c6ea8a0: 4c8b 4c24 | 304c 8b44 | 2438 488b | 7c24 4048 | 8b74 2448 | 488b 6c24 | 5048 8b5c | 2460 488b 
  0x00007f8d2c6ea8c0: 5424 6848 | 8b4c 2470 | 488b 4424 | 7848 81c4 | 8000 0000 | 4d33 e448 | 8b5d e84c | 8b6b 084d 
  0x00007f8d2c6ea8e0: 8d6d 3849 | 817f 0800 | 0000 000f | 84b0 0000 | 00e8 0500 | 0000 e992 | 0000 0048 | 8d44 2408 
  0x00007f8d2c6ea900: 4c89 6dc0 | 498b ffc5 | f877 4989 | af00 0300 | 0049 8987 | f002 0000 | f7c4 0f00 | 0000 0f84 
  0x00007f8d2c6ea920: 1200 0000 | 4883 ec08 | e833 a3fa | 1c48 83c4 | 08e9 0500 | 0000 e825 | a3fa 1c49 | ba00 0000 
  0x00007f8d2c6ea940: 0000 0000 | 004d 8997 | f002 0000 | 49ba 0000 | 0000 0000 | 0000 4d89 | 9700 0300 | 0049 ba00 
  0x00007f8d2c6ea960: 0000 0000 | 0000 004d | 8997 f802 | 0000 c5f8 | 7749 817f | 0800 0000 | 000f 8405 | 0000 00e9 
  0x00007f8d2c6ea980: fc0e ffff | 4c8b 6dc0 | 4c8b 75c8 | c348 bff2 | 95cc 498d | 7f00 0048 | 83e4 f0e8 | 80ca 221d 
  0x00007f8d2c6ea9a0: f444 8b5b | 2041 f7c3 | 2000 0000 | 0f84 a001 | 0000 488d | 75a8 4c8b | 5e08 4d85 | db0f 85b0 
  0x00007f8d2c6ea9c0: 0000 00e8 | 0500 0000 | e992 0000 | 0048 8d44 | 2408 4c89 | 6dc0 498b | ffc5 f877 | 4989 af00 
  0x00007f8d2c6ea9e0: 0300 0049 | 8987 f002 | 0000 f7c4 | 0f00 0000 | 0f84 1200 | 0000 4883 | ec08 e801 | aafa 1c48 
  0x00007f8d2c6eaa00: 83c4 08e9 | 0500 0000 | e8f3 a9fa | 1c49 ba00 | 0000 0000 | 0000 004d | 8997 f002 | 0000 49ba 
  0x00007f8d2c6eaa20: 0000 0000 | 0000 0000 | 4d89 9700 | 0300 0049 | ba00 0000 | 0000 0000 | 004d 8997 | f802 0000 
  0x00007f8d2c6eaa40: c5f8 7749 | 817f 0800 | 0000 000f | 8405 0000 | 00e9 2a0e | ffff 4c8b | 6dc0 4c8b | 75c8 c348 
  0x00007f8d2c6eaa60: bff2 95cc | 498d 7f00 | 0048 83e4 | f0e8 aec9 | 221d f44c | 896d c048 | 8d06 488b | 4e08 48c7 
  0x00007f8d2c6eaa80: 4608 0000 | 0000 488b | 1148 83e2 | 0748 83fa | 050f 84b7 | 0000 0048 | 8b10 4885 | d20f 84ab 
  0x00007f8d2c6eaaa0: 0000 00f0 | 480f b111 | 0f84 a000 | 0000 4889 | 4e08 e805 | 0000 00e9 | 9200 0000 | 488d 4424 
  0x00007f8d2c6eaac0: 084c 896d | c049 8bff | c5f8 7749 | 89af 0003 | 0000 4989 | 87f0 0200 | 00f7 c40f | 0000 000f 
  0x00007f8d2c6eaae0: 8412 0000 | 0048 83ec | 08e8 a2a7 | fa1c 4883 | c408 e905 | 0000 00e8 | 94a7 fa1c | 49ba 0000 
  0x00007f8d2c6eab00: 0000 0000 | 0000 4d89 | 97f0 0200 | 0049 ba00 | 0000 0000 | 0000 004d | 8997 0003 | 0000 49ba 
  0x00007f8d2c6eab20: 0000 0000 | 0000 0000 | 4d89 97f8 | 0200 00c5 | f877 4981 | 7f08 0000 | 0000 0f84 | 0500 0000 
  0x00007f8d2c6eab40: e93b 0dff | ff4c 8b6d | c04c 8b75 | c8c3 4c8b | 6dc0 803d | 56fc 931d | 000f 842a | 0000 0048 
  0x00007f8d2c6eab60: 8b75 e849 | 8bff f7c4 | 0f00 0000 | 0f84 1200 | 0000 4883 | ec08 e825 | 1640 1d48 | 83c4 08e9 
  0x00007f8d2c6eab80: 0500 0000 | e817 1640 | 1d48 8b04 | 2448 83c4 | 10c5 fb10 | 0424 4883 | c410 4c8b | 5d18 41ff 
  0x00007f8d2c6eaba0: d34c 8b5d | f8c9 5f49 | 8be3 ffe7 | be00 0000 | 00e8 0500 | 0000 e992 | 0000 0048 | 8d44 2408 
  0x00007f8d2c6eabc0: 4c89 6dc0 | 498b ffc5 | f877 4989 | af00 0300 | 0049 8987 | f002 0000 | f7c4 0f00 | 0000 0f84 
  0x00007f8d2c6eabe0: 1200 0000 | 4883 ec08 | e813 f2fa | 1c48 83c4 | 08e9 0500 | 0000 e805 | f2fa 1c49 | ba00 0000 
  0x00007f8d2c6eac00: 0000 0000 | 004d 8997 | f002 0000 | 49ba 0000 | 0000 0000 | 0000 4d89 | 9700 0300 | 0049 ba00 
  0x00007f8d2c6eac20: 0000 0000 | 0000 004d | 8997 f802 | 0000 c5f8 | 7749 817f | 0800 0000 | 000f 8405 | 0000 00e9 
  0x00007f8d2c6eac40: 3c0c ffff | 4c8b 6dc0 | 4c8b 75c8 | c348 8b5d | e8e9 f9f7 | ffff 6690 | 0000 0000 | 0000 0000 
[/MachCode]

---------------  P R O C E S S  ---------------

Threads class SMR info:
_java_thread_list=0x00007f8d4427c4e0, length=11, elements={
0x00007f8d4402a800, 0x00007f8d44180000, 0x00007f8d44182000, 0x00007f8d44188000,
0x00007f8d4418a000, 0x00007f8d4418c000, 0x00007f8d4418e000, 0x00007f8d44190000,
0x00007f8d441bd800, 0x00007f8d4427a000, 0x00007f8d4427b000
}

Java Threads: ( => current thread )
=>0x00007f8d4402a800 JavaThread "main" [_thread_in_Java, id=31014, stack(0x00007f8d48cc1000,0x00007f8d48dc2000)]
  0x00007f8d44180000 JavaThread "Reference Handler" daemon [_thread_blocked, id=31021, stack(0x00007f8d247fd000,0x00007f8d248fe000)]
  0x00007f8d44182000 JavaThread "Finalizer" daemon [_thread_blocked, id=31022, stack(0x00007f8d246fc000,0x00007f8d247fd000)]
  0x00007f8d44188000 JavaThread "Signal Dispatcher" daemon [_thread_blocked, id=31023, stack(0x00007f8d24089000,0x00007f8d2418a000)]
  0x00007f8d4418a000 JavaThread "Service Thread" daemon [_thread_blocked, id=31024, stack(0x00007f8cffeff000,0x00007f8d00000000)]
  0x00007f8d4418c000 JavaThread "C2 CompilerThread0" daemon [_thread_blocked, id=31025, stack(0x00007f8cffdfe000,0x00007f8cffeff000)]
  0x00007f8d4418e000 JavaThread "C1 CompilerThread0" daemon [_thread_blocked, id=31026, stack(0x00007f8cffcfd000,0x00007f8cffdfe000)]
  0x00007f8d44190000 JavaThread "Sweeper thread" daemon [_thread_blocked, id=31027, stack(0x00007f8cffbfc000,0x00007f8cffcfd000)]
  0x00007f8d441bd800 JavaThread "Common-Cleaner" daemon [_thread_blocked, id=31030, stack(0x00007f8cffafb000,0x00007f8cffbfc000)]
  0x00007f8d4427a000 JavaThread "Monitor Ctrl-Break" daemon [_thread_in_Java, id=31031, stack(0x00007f8cff9fa000,0x00007f8cffafb000)]
  0x00007f8d4427b000 JavaThread "Notification Thread" daemon [_thread_blocked, id=31032, stack(0x00007f8cff8f9000,0x00007f8cff9fa000)]

Other Threads:
  0x00007f8d4417d000 VMThread "VM Thread" [stack: 0x00007f8d24900000,0x00007f8d24a00000] [id=31020]
  0x00007f8d4427d000 WatcherThread [stack: 0x00007f8cff7f9000,0x00007f8cff8f9000] [id=31033]
  0x00007f8d4406b000 GCTaskThread "GC Thread#0" [stack: 0x00007f8d480f1000,0x00007f8d481f1000] [id=31015]
  0x00007f8d4407c000 ConcurrentGCThread "G1 Main Marker" [stack: 0x00007f8d27d91000,0x00007f8d27e91000] [id=31016]
  0x00007f8d4407e000 ConcurrentGCThread "G1 Conc#0" [stack: 0x00007f8d27c8f000,0x00007f8d27d8f000] [id=31017]
  0x00007f8d44103800 ConcurrentGCThread "G1 Refine#0" [stack: 0x00007f8d25385000,0x00007f8d25485000] [id=31018]
  0x00007f8d44105000 ConcurrentGCThread "G1 Young RemSet Sampling" [stack: 0x00007f8d25283000,0x00007f8d25383000] [id=31019]

Threads with active compile tasks:

VM state:not at safepoint (normal execution)

VM Mutex/Monitor currently owned by a thread: None

Heap address: 0x0000000086400000, size: 1948 MB, Compressed Oops mode: 32-bit
Narrow klass base: 0x0000000800000000, Narrow klass shift: 3
Compressed class space size: 1073741824 Address: 0x0000000800b0f000

Heap:
 garbage-first heap   total 126976K, used 1860K [0x0000000086400000, 0x0000000100000000)
  region size 1024K, 2 young (2048K), 0 survivors (0K)
 Metaspace       used 796K, capacity 4606K, committed 4864K, reserved 1056768K
  class space    used 73K, capacity 407K, committed 512K, reserved 1048576K
Heap Regions: E=young(eden), S=young(survivor), O=old, HS=humongous(starts), HC=humongous(continues), CS=collection set, F=free, OA=open archive, CA=closed archive, TAMS=top-at-mark-start (previous, next)
|   0|0x0000000086400000, 0x0000000086400000, 0x0000000086500000|  0%| F|  |TAMS 0x0000000086400000, 0x0000000086400000| Untracked 
|   1|0x0000000086500000, 0x0000000086500000, 0x0000000086600000|  0%| F|  |TAMS 0x0000000086500000, 0x0000000086500000| Untracked 
|   2|0x0000000086600000, 0x0000000086600000, 0x0000000086700000|  0%| F|  |TAMS 0x0000000086600000, 0x0000000086600000| Untracked 
|   3|0x0000000086700000, 0x0000000086700000, 0x0000000086800000|  0%| F|  |TAMS 0x0000000086700000, 0x0000000086700000| Untracked 
|   4|0x0000000086800000, 0x0000000086800000, 0x0000000086900000|  0%| F|  |TAMS 0x0000000086800000, 0x0000000086800000| Untracked 
|   5|0x0000000086900000, 0x0000000086900000, 0x0000000086a00000|  0%| F|  |TAMS 0x0000000086900000, 0x0000000086900000| Untracked 
|   6|0x0000000086a00000, 0x0000000086a00000, 0x0000000086b00000|  0%| F|  |TAMS 0x0000000086a00000, 0x0000000086a00000| Untracked 
|   7|0x0000000086b00000, 0x0000000086b00000, 0x0000000086c00000|  0%| F|  |TAMS 0x0000000086b00000, 0x0000000086b00000| Untracked 
|   8|0x0000000086c00000, 0x0000000086c00000, 0x0000000086d00000|  0%| F|  |TAMS 0x0000000086c00000, 0x0000000086c00000| Untracked 
|   9|0x0000000086d00000, 0x0000000086d00000, 0x0000000086e00000|  0%| F|  |TAMS 0x0000000086d00000, 0x0000000086d00000| Untracked 
|  10|0x0000000086e00000, 0x0000000086e00000, 0x0000000086f00000|  0%| F|  |TAMS 0x0000000086e00000, 0x0000000086e00000| Untracked 
|  11|0x0000000086f00000, 0x0000000086f00000, 0x0000000087000000|  0%| F|  |TAMS 0x0000000086f00000, 0x0000000086f00000| Untracked 
|  12|0x0000000087000000, 0x0000000087000000, 0x0000000087100000|  0%| F|  |TAMS 0x0000000087000000, 0x0000000087000000| Untracked 
|  13|0x0000000087100000, 0x0000000087100000, 0x0000000087200000|  0%| F|  |TAMS 0x0000000087100000, 0x0000000087100000| Untracked 
|  14|0x0000000087200000, 0x0000000087200000, 0x0000000087300000|  0%| F|  |TAMS 0x0000000087200000, 0x0000000087200000| Untracked 
|  15|0x0000000087300000, 0x0000000087300000, 0x0000000087400000|  0%| F|  |TAMS 0x0000000087300000, 0x0000000087300000| Untracked 
|  16|0x0000000087400000, 0x0000000087400000, 0x0000000087500000|  0%| F|  |TAMS 0x0000000087400000, 0x0000000087400000| Untracked 
|  17|0x0000000087500000, 0x0000000087500000, 0x0000000087600000|  0%| F|  |TAMS 0x0000000087500000, 0x0000000087500000| Untracked 
|  18|0x0000000087600000, 0x0000000087600000, 0x0000000087700000|  0%| F|  |TAMS 0x0000000087600000, 0x0000000087600000| Untracked 
|  19|0x0000000087700000, 0x0000000087700000, 0x0000000087800000|  0%| F|  |TAMS 0x0000000087700000, 0x0000000087700000| Untracked 
|  20|0x0000000087800000, 0x0000000087800000, 0x0000000087900000|  0%| F|  |TAMS 0x0000000087800000, 0x0000000087800000| Untracked 
|  21|0x0000000087900000, 0x0000000087900000, 0x0000000087a00000|  0%| F|  |TAMS 0x0000000087900000, 0x0000000087900000| Untracked 
|  22|0x0000000087a00000, 0x0000000087a00000, 0x0000000087b00000|  0%| F|  |TAMS 0x0000000087a00000, 0x0000000087a00000| Untracked 
|  23|0x0000000087b00000, 0x0000000087b00000, 0x0000000087c00000|  0%| F|  |TAMS 0x0000000087b00000, 0x0000000087b00000| Untracked 
|  24|0x0000000087c00000, 0x0000000087c00000, 0x0000000087d00000|  0%| F|  |TAMS 0x0000000087c00000, 0x0000000087c00000| Untracked 
|  25|0x0000000087d00000, 0x0000000087d00000, 0x0000000087e00000|  0%| F|  |TAMS 0x0000000087d00000, 0x0000000087d00000| Untracked 
|  26|0x0000000087e00000, 0x0000000087e00000, 0x0000000087f00000|  0%| F|  |TAMS 0x0000000087e00000, 0x0000000087e00000| Untracked 
|  27|0x0000000087f00000, 0x0000000087f00000, 0x0000000088000000|  0%| F|  |TAMS 0x0000000087f00000, 0x0000000087f00000| Untracked 
|  28|0x0000000088000000, 0x0000000088000000, 0x0000000088100000|  0%| F|  |TAMS 0x0000000088000000, 0x0000000088000000| Untracked 
|  29|0x0000000088100000, 0x0000000088100000, 0x0000000088200000|  0%| F|  |TAMS 0x0000000088100000, 0x0000000088100000| Untracked 
|  30|0x0000000088200000, 0x0000000088200000, 0x0000000088300000|  0%| F|  |TAMS 0x0000000088200000, 0x0000000088200000| Untracked 
|  31|0x0000000088300000, 0x0000000088300000, 0x0000000088400000|  0%| F|  |TAMS 0x0000000088300000, 0x0000000088300000| Untracked 
|  32|0x0000000088400000, 0x0000000088400000, 0x0000000088500000|  0%| F|  |TAMS 0x0000000088400000, 0x0000000088400000| Untracked 
|  33|0x0000000088500000, 0x0000000088500000, 0x0000000088600000|  0%| F|  |TAMS 0x0000000088500000, 0x0000000088500000| Untracked 
|  34|0x0000000088600000, 0x0000000088600000, 0x0000000088700000|  0%| F|  |TAMS 0x0000000088600000, 0x0000000088600000| Untracked 
|  35|0x0000000088700000, 0x0000000088700000, 0x0000000088800000|  0%| F|  |TAMS 0x0000000088700000, 0x0000000088700000| Untracked 
|  36|0x0000000088800000, 0x0000000088800000, 0x0000000088900000|  0%| F|  |TAMS 0x0000000088800000, 0x0000000088800000| Untracked 
|  37|0x0000000088900000, 0x0000000088900000, 0x0000000088a00000|  0%| F|  |TAMS 0x0000000088900000, 0x0000000088900000| Untracked 
|  38|0x0000000088a00000, 0x0000000088a00000, 0x0000000088b00000|  0%| F|  |TAMS 0x0000000088a00000, 0x0000000088a00000| Untracked 
|  39|0x0000000088b00000, 0x0000000088b00000, 0x0000000088c00000|  0%| F|  |TAMS 0x0000000088b00000, 0x0000000088b00000| Untracked 
|  40|0x0000000088c00000, 0x0000000088c00000, 0x0000000088d00000|  0%| F|  |TAMS 0x0000000088c00000, 0x0000000088c00000| Untracked 
|  41|0x0000000088d00000, 0x0000000088d00000, 0x0000000088e00000|  0%| F|  |TAMS 0x0000000088d00000, 0x0000000088d00000| Untracked 
|  42|0x0000000088e00000, 0x0000000088e00000, 0x0000000088f00000|  0%| F|  |TAMS 0x0000000088e00000, 0x0000000088e00000| Untracked 
|  43|0x0000000088f00000, 0x0000000088f00000, 0x0000000089000000|  0%| F|  |TAMS 0x0000000088f00000, 0x0000000088f00000| Untracked 
|  44|0x0000000089000000, 0x0000000089000000, 0x0000000089100000|  0%| F|  |TAMS 0x0000000089000000, 0x0000000089000000| Untracked 
|  45|0x0000000089100000, 0x0000000089100000, 0x0000000089200000|  0%| F|  |TAMS 0x0000000089100000, 0x0000000089100000| Untracked 
|  46|0x0000000089200000, 0x0000000089200000, 0x0000000089300000|  0%| F|  |TAMS 0x0000000089200000, 0x0000000089200000| Untracked 
|  47|0x0000000089300000, 0x0000000089300000, 0x0000000089400000|  0%| F|  |TAMS 0x0000000089300000, 0x0000000089300000| Untracked 
|  48|0x0000000089400000, 0x0000000089400000, 0x0000000089500000|  0%| F|  |TAMS 0x0000000089400000, 0x0000000089400000| Untracked 
|  49|0x0000000089500000, 0x0000000089500000, 0x0000000089600000|  0%| F|  |TAMS 0x0000000089500000, 0x0000000089500000| Untracked 
|  50|0x0000000089600000, 0x0000000089600000, 0x0000000089700000|  0%| F|  |TAMS 0x0000000089600000, 0x0000000089600000| Untracked 
|  51|0x0000000089700000, 0x0000000089700000, 0x0000000089800000|  0%| F|  |TAMS 0x0000000089700000, 0x0000000089700000| Untracked 
|  52|0x0000000089800000, 0x0000000089800000, 0x0000000089900000|  0%| F|  |TAMS 0x0000000089800000, 0x0000000089800000| Untracked 
|  53|0x0000000089900000, 0x0000000089900000, 0x0000000089a00000|  0%| F|  |TAMS 0x0000000089900000, 0x0000000089900000| Untracked 
|  54|0x0000000089a00000, 0x0000000089a00000, 0x0000000089b00000|  0%| F|  |TAMS 0x0000000089a00000, 0x0000000089a00000| Untracked 
|  55|0x0000000089b00000, 0x0000000089b00000, 0x0000000089c00000|  0%| F|  |TAMS 0x0000000089b00000, 0x0000000089b00000| Untracked 
|  56|0x0000000089c00000, 0x0000000089c00000, 0x0000000089d00000|  0%| F|  |TAMS 0x0000000089c00000, 0x0000000089c00000| Untracked 
|  57|0x0000000089d00000, 0x0000000089d00000, 0x0000000089e00000|  0%| F|  |TAMS 0x0000000089d00000, 0x0000000089d00000| Untracked 
|  58|0x0000000089e00000, 0x0000000089e00000, 0x0000000089f00000|  0%| F|  |TAMS 0x0000000089e00000, 0x0000000089e00000| Untracked 
|  59|0x0000000089f00000, 0x0000000089f00000, 0x000000008a000000|  0%| F|  |TAMS 0x0000000089f00000, 0x0000000089f00000| Untracked 
|  60|0x000000008a000000, 0x000000008a000000, 0x000000008a100000|  0%| F|  |TAMS 0x000000008a000000, 0x000000008a000000| Untracked 
|  61|0x000000008a100000, 0x000000008a100000, 0x000000008a200000|  0%| F|  |TAMS 0x000000008a100000, 0x000000008a100000| Untracked 
|  62|0x000000008a200000, 0x000000008a200000, 0x000000008a300000|  0%| F|  |TAMS 0x000000008a200000, 0x000000008a200000| Untracked 
|  63|0x000000008a300000, 0x000000008a300000, 0x000000008a400000|  0%| F|  |TAMS 0x000000008a300000, 0x000000008a300000| Untracked 
|  64|0x000000008a400000, 0x000000008a400000, 0x000000008a500000|  0%| F|  |TAMS 0x000000008a400000, 0x000000008a400000| Untracked 
|  65|0x000000008a500000, 0x000000008a500000, 0x000000008a600000|  0%| F|  |TAMS 0x000000008a500000, 0x000000008a500000| Untracked 
|  66|0x000000008a600000, 0x000000008a600000, 0x000000008a700000|  0%| F|  |TAMS 0x000000008a600000, 0x000000008a600000| Untracked 
|  67|0x000000008a700000, 0x000000008a700000, 0x000000008a800000|  0%| F|  |TAMS 0x000000008a700000, 0x000000008a700000| Untracked 
|  68|0x000000008a800000, 0x000000008a800000, 0x000000008a900000|  0%| F|  |TAMS 0x000000008a800000, 0x000000008a800000| Untracked 
|  69|0x000000008a900000, 0x000000008a900000, 0x000000008aa00000|  0%| F|  |TAMS 0x000000008a900000, 0x000000008a900000| Untracked 
|  70|0x000000008aa00000, 0x000000008aa00000, 0x000000008ab00000|  0%| F|  |TAMS 0x000000008aa00000, 0x000000008aa00000| Untracked 
|  71|0x000000008ab00000, 0x000000008ab00000, 0x000000008ac00000|  0%| F|  |TAMS 0x000000008ab00000, 0x000000008ab00000| Untracked 
|  72|0x000000008ac00000, 0x000000008ac00000, 0x000000008ad00000|  0%| F|  |TAMS 0x000000008ac00000, 0x000000008ac00000| Untracked 
|  73|0x000000008ad00000, 0x000000008ad00000, 0x000000008ae00000|  0%| F|  |TAMS 0x000000008ad00000, 0x000000008ad00000| Untracked 
|  74|0x000000008ae00000, 0x000000008ae00000, 0x000000008af00000|  0%| F|  |TAMS 0x000000008ae00000, 0x000000008ae00000| Untracked 
|  75|0x000000008af00000, 0x000000008af00000, 0x000000008b000000|  0%| F|  |TAMS 0x000000008af00000, 0x000000008af00000| Untracked 
|  76|0x000000008b000000, 0x000000008b000000, 0x000000008b100000|  0%| F|  |TAMS 0x000000008b000000, 0x000000008b000000| Untracked 
|  77|0x000000008b100000, 0x000000008b100000, 0x000000008b200000|  0%| F|  |TAMS 0x000000008b100000, 0x000000008b100000| Untracked 
|  78|0x000000008b200000, 0x000000008b200000, 0x000000008b300000|  0%| F|  |TAMS 0x000000008b200000, 0x000000008b200000| Untracked 
|  79|0x000000008b300000, 0x000000008b300000, 0x000000008b400000|  0%| F|  |TAMS 0x000000008b300000, 0x000000008b300000| Untracked 
|  80|0x000000008b400000, 0x000000008b400000, 0x000000008b500000|  0%| F|  |TAMS 0x000000008b400000, 0x000000008b400000| Untracked 
|  81|0x000000008b500000, 0x000000008b500000, 0x000000008b600000|  0%| F|  |TAMS 0x000000008b500000, 0x000000008b500000| Untracked 
|  82|0x000000008b600000, 0x000000008b600000, 0x000000008b700000|  0%| F|  |TAMS 0x000000008b600000, 0x000000008b600000| Untracked 
|  83|0x000000008b700000, 0x000000008b700000, 0x000000008b800000|  0%| F|  |TAMS 0x000000008b700000, 0x000000008b700000| Untracked 
|  84|0x000000008b800000, 0x000000008b800000, 0x000000008b900000|  0%| F|  |TAMS 0x000000008b800000, 0x000000008b800000| Untracked 
|  85|0x000000008b900000, 0x000000008b900000, 0x000000008ba00000|  0%| F|  |TAMS 0x000000008b900000, 0x000000008b900000| Untracked 
|  86|0x000000008ba00000, 0x000000008ba00000, 0x000000008bb00000|  0%| F|  |TAMS 0x000000008ba00000, 0x000000008ba00000| Untracked 
|  87|0x000000008bb00000, 0x000000008bb00000, 0x000000008bc00000|  0%| F|  |TAMS 0x000000008bb00000, 0x000000008bb00000| Untracked 
|  88|0x000000008bc00000, 0x000000008bc00000, 0x000000008bd00000|  0%| F|  |TAMS 0x000000008bc00000, 0x000000008bc00000| Untracked 
|  89|0x000000008bd00000, 0x000000008bd00000, 0x000000008be00000|  0%| F|  |TAMS 0x000000008bd00000, 0x000000008bd00000| Untracked 
|  90|0x000000008be00000, 0x000000008be00000, 0x000000008bf00000|  0%| F|  |TAMS 0x000000008be00000, 0x000000008be00000| Untracked 
|  91|0x000000008bf00000, 0x000000008bf00000, 0x000000008c000000|  0%| F|  |TAMS 0x000000008bf00000, 0x000000008bf00000| Untracked 
|  92|0x000000008c000000, 0x000000008c000000, 0x000000008c100000|  0%| F|  |TAMS 0x000000008c000000, 0x000000008c000000| Untracked 
|  93|0x000000008c100000, 0x000000008c100000, 0x000000008c200000|  0%| F|  |TAMS 0x000000008c100000, 0x000000008c100000| Untracked 
|  94|0x000000008c200000, 0x000000008c200000, 0x000000008c300000|  0%| F|  |TAMS 0x000000008c200000, 0x000000008c200000| Untracked 
|  95|0x000000008c300000, 0x000000008c300000, 0x000000008c400000|  0%| F|  |TAMS 0x000000008c300000, 0x000000008c300000| Untracked 
|  96|0x000000008c400000, 0x000000008c400000, 0x000000008c500000|  0%| F|  |TAMS 0x000000008c400000, 0x000000008c400000| Untracked 
|  97|0x000000008c500000, 0x000000008c500000, 0x000000008c600000|  0%| F|  |TAMS 0x000000008c500000, 0x000000008c500000| Untracked 
|  98|0x000000008c600000, 0x000000008c600000, 0x000000008c700000|  0%| F|  |TAMS 0x000000008c600000, 0x000000008c600000| Untracked 
|  99|0x000000008c700000, 0x000000008c700000, 0x000000008c800000|  0%| F|  |TAMS 0x000000008c700000, 0x000000008c700000| Untracked 
| 100|0x000000008c800000, 0x000000008c800000, 0x000000008c900000|  0%| F|  |TAMS 0x000000008c800000, 0x000000008c800000| Untracked 
| 101|0x000000008c900000, 0x000000008c900000, 0x000000008ca00000|  0%| F|  |TAMS 0x000000008c900000, 0x000000008c900000| Untracked 
| 102|0x000000008ca00000, 0x000000008ca00000, 0x000000008cb00000|  0%| F|  |TAMS 0x000000008ca00000, 0x000000008ca00000| Untracked 
| 103|0x000000008cb00000, 0x000000008cb00000, 0x000000008cc00000|  0%| F|  |TAMS 0x000000008cb00000, 0x000000008cb00000| Untracked 
| 104|0x000000008cc00000, 0x000000008cc00000, 0x000000008cd00000|  0%| F|  |TAMS 0x000000008cc00000, 0x000000008cc00000| Untracked 
| 105|0x000000008cd00000, 0x000000008cd00000, 0x000000008ce00000|  0%| F|  |TAMS 0x000000008cd00000, 0x000000008cd00000| Untracked 
| 106|0x000000008ce00000, 0x000000008ce00000, 0x000000008cf00000|  0%| F|  |TAMS 0x000000008ce00000, 0x000000008ce00000| Untracked 
| 107|0x000000008cf00000, 0x000000008cf00000, 0x000000008d000000|  0%| F|  |TAMS 0x000000008cf00000, 0x000000008cf00000| Untracked 
| 108|0x000000008d000000, 0x000000008d000000, 0x000000008d100000|  0%| F|  |TAMS 0x000000008d000000, 0x000000008d000000| Untracked 
| 109|0x000000008d100000, 0x000000008d100000, 0x000000008d200000|  0%| F|  |TAMS 0x000000008d100000, 0x000000008d100000| Untracked 
| 110|0x000000008d200000, 0x000000008d200000, 0x000000008d300000|  0%| F|  |TAMS 0x000000008d200000, 0x000000008d200000| Untracked 
| 111|0x000000008d300000, 0x000000008d300000, 0x000000008d400000|  0%| F|  |TAMS 0x000000008d300000, 0x000000008d300000| Untracked 
| 112|0x000000008d400000, 0x000000008d400000, 0x000000008d500000|  0%| F|  |TAMS 0x000000008d400000, 0x000000008d400000| Untracked 
| 113|0x000000008d500000, 0x000000008d500000, 0x000000008d600000|  0%| F|  |TAMS 0x000000008d500000, 0x000000008d500000| Untracked 
| 114|0x000000008d600000, 0x000000008d600000, 0x000000008d700000|  0%| F|  |TAMS 0x000000008d600000, 0x000000008d600000| Untracked 
| 115|0x000000008d700000, 0x000000008d700000, 0x000000008d800000|  0%| F|  |TAMS 0x000000008d700000, 0x000000008d700000| Untracked 
| 116|0x000000008d800000, 0x000000008d800000, 0x000000008d900000|  0%| F|  |TAMS 0x000000008d800000, 0x000000008d800000| Untracked 
| 117|0x000000008d900000, 0x000000008d900000, 0x000000008da00000|  0%| F|  |TAMS 0x000000008d900000, 0x000000008d900000| Untracked 
| 118|0x000000008da00000, 0x000000008da00000, 0x000000008db00000|  0%| F|  |TAMS 0x000000008da00000, 0x000000008da00000| Untracked 
| 119|0x000000008db00000, 0x000000008db00000, 0x000000008dc00000|  0%| F|  |TAMS 0x000000008db00000, 0x000000008db00000| Untracked 
| 120|0x000000008dc00000, 0x000000008dd00000, 0x000000008dd00000|100%| E|  |TAMS 0x000000008dc00000, 0x000000008dc00000| Complete 
| 121|0x000000008dd00000, 0x000000008de00000, 0x000000008de00000|100%| E|CS|TAMS 0x000000008dd00000, 0x000000008dd00000| Complete 
|1946|0x00000000ffe00000, 0x00000000ffe52000, 0x00000000fff00000| 32%|OA|  |TAMS 0x00000000ffe00000, 0x00000000ffe00000| Untracked 
|1947|0x00000000fff00000, 0x00000000fff7f000, 0x0000000100000000| 49%|CA|  |TAMS 0x00000000fff00000, 0x00000000fff00000| Untracked 

Card table byte_map: [0x00007f8d2bf3f000,0x00007f8d2c30d000] _byte_map_base: 0x00007f8d2bb0d000

Marking Bits (Prev, Next): (CMBitMap*) 0x00007f8d4406c038, (CMBitMap*) 0x00007f8d4406c078
 Prev Bits: [0x00007f8d29d01000, 0x00007f8d2bb71000)
 Next Bits: [0x00007f8d27e91000, 0x00007f8d29d01000)

Polling page: 0x00007f8d4a2cc000

Metaspace:

Usage:
  Non-class:      4,10 MB capacity,   723,07 KB ( 17%) used,     3,39 MB ( 83%) free+waste,     1,81 KB ( <1%) overhead. 
      Class:    407,00 KB capacity,    73,05 KB ( 18%) used,   332,70 KB ( 82%) free+waste,     1,25 KB ( <1%) overhead. 
       Both:      4,50 MB capacity,   796,12 KB ( 17%) used,     3,72 MB ( 83%) free+waste,     3,06 KB ( <1%) overhead. 

Virtual space:
  Non-class space:        8,00 MB reserved,       4,25 MB ( 53%) committed 
      Class space:        1,00 GB reserved,     512,00 KB ( <1%) committed 
             Both:        1,01 GB reserved,       4,75 MB ( <1%) committed 

Chunk freelists:
   Non-Class:  21,00 KB
       Class:  1,00 KB
        Both:  22,00 KB

MaxMetaspaceSize: unlimited
CompressedClassSpaceSize: 1,00 GB

CodeHeap 'non-profiled nmethods': size=120028Kb used=59Kb max_used=59Kb free=119969Kb
 bounds [0x00007f8d341a4000, 0x00007f8d34414000, 0x00007f8d3b6db000]
CodeHeap 'profiled nmethods': size=120028Kb used=253Kb max_used=253Kb free=119774Kb
 bounds [0x00007f8d2cc6d000, 0x00007f8d2cedd000, 0x00007f8d341a4000]
CodeHeap 'non-nmethods': size=5704Kb used=1119Kb max_used=1124Kb free=4584Kb
 bounds [0x00007f8d2c6db000, 0x00007f8d2c94b000, 0x00007f8d2cc6d000]
 total_blobs=651 nmethods=211 adapters=280
 compilation: enabled
              stopped_count=0, restarted_count=0
 full_count=0

Compilation events (20 events):
Event: 0,100 Thread 0x00007f8d4418e000  202       3       java.lang.StringLatin1::lastIndexOf (40 bytes)
Event: 0,100 Thread 0x00007f8d4418e000 nmethod 202 0x00007f8d2cca9210 code [0x00007f8d2cca93c0, 0x00007f8d2cca9770]
Event: 0,100 Thread 0x00007f8d4418e000  203       3       java.util.Objects::requireNonNull (15 bytes)
Event: 0,100 Thread 0x00007f8d4418e000 nmethod 203 0x00007f8d2cca9910 code [0x00007f8d2cca9ac0, 0x00007f8d2cca9ca0]
Event: 0,100 Thread 0x00007f8d4418e000  198       3       java.lang.invoke.MethodType$ConcurrentWeakInternSet::get (47 bytes)
Event: 0,101 Thread 0x00007f8d4418e000 nmethod 198 0x00007f8d2cca9d90 code [0x00007f8d2cca9fa0, 0x00007f8d2ccaaa30]
Event: 0,101 Thread 0x00007f8d4418e000  204       1       java.lang.String::value (5 bytes)
Event: 0,101 Thread 0x00007f8d4418e000 nmethod 204 0x00007f8d341b2610 code [0x00007f8d341b27a0, 0x00007f8d341b2870]
Event: 0,101 Thread 0x00007f8d4418e000  207       3       java.lang.String::indexOf (7 bytes)
Event: 0,101 Thread 0x00007f8d4418e000 nmethod 207 0x00007f8d2ccaad10 code [0x00007f8d2ccaaee0, 0x00007f8d2ccab1f0]
Event: 0,101 Thread 0x00007f8d4418e000  208       3       java.lang.invoke.MethodType::parameterCount (6 bytes)
Event: 0,101 Thread 0x00007f8d4418e000 nmethod 208 0x00007f8d2ccab310 code [0x00007f8d2ccab4a0, 0x00007f8d2ccab5d0]
Event: 0,101 Thread 0x00007f8d4418e000  205       1       java.lang.invoke.MethodType::form (5 bytes)
Event: 0,101 Thread 0x00007f8d4418e000 nmethod 205 0x00007f8d341b2910 code [0x00007f8d341b2aa0, 0x00007f8d341b2b70]
Event: 0,102 Thread 0x00007f8d4418e000  210       3       java.lang.StringBuilder::<init> (7 bytes)
Event: 0,103 Thread 0x00007f8d4418e000 nmethod 210 0x00007f8d2ccab690 code [0x00007f8d2ccab820, 0x00007f8d2ccab960]
Event: 0,103 Thread 0x00007f8d4418e000  211       3       java.lang.StringBuilder::toString (35 bytes)
Event: 0,103 Thread 0x00007f8d4418e000 nmethod 211 0x00007f8d2ccaba10 code [0x00007f8d2ccabbe0, 0x00007f8d2ccac090]
Event: 0,103 Thread 0x00007f8d4418e000  209       3       java.lang.AbstractStringBuilder::<init> (39 bytes)
Event: 0,103 Thread 0x00007f8d4418e000 nmethod 209 0x00007f8d2ccac210 code [0x00007f8d2ccac3a0, 0x00007f8d2ccac650]

GC Heap History (0 events):
No events

Deoptimization events (0 events):
No events

Classes unloaded (0 events):
No events

Classes redefined (0 events):
No events

Internal exceptions (0 events):
No events

Events (20 events):
Event: 0,103 loading class sun/nio/ch/NativeDispatcher done
Event: 0,103 loading class sun/nio/ch/SocketDispatcher done
Event: 0,103 loading class sun/nio/ch/IOUtil
Event: 0,103 loading class sun/nio/ch/IOUtil done
Event: 0,104 loading class java/net/SocksSocketImpl
Event: 0,104 loading class java/net/SocksConsts
Event: 0,104 loading class java/net/SocksConsts done
Event: 0,104 loading class java/net/DelegatingSocketImpl
Event: 0,104 loading class java/net/DelegatingSocketImpl done
Event: 0,104 loading class java/net/SocksSocketImpl done
Event: 0,104 loading class sun/nio/ch/Net
Event: 0,105 loading class sun/nio/ch/Net done
Event: 0,105 loading class sun/nio/ch/Net$1
Event: 0,105 loading class java/net/ProtocolFamily
Event: 0,105 loading class java/net/ProtocolFamily done
Event: 0,105 loading class sun/nio/ch/Net$1 done
Event: 0,105 loading class sun/net/ext/ExtendedSocketOptions
Event: 0,106 loading class sun/net/ext/ExtendedSocketOptions done
Event: 0,106 Loaded shared library /home/bagrorg/IdeaProjects/MatrixCUDA/src/main/cpp/cmake-build-debug/libmatrix.so
Event: 0,106 loading class jdk/net/ExtendedSocketOptions


Dynamic libraries:
86400000-8de00000 rw-p 00000000 00:00 0 
8de00000-ffe00000 ---p 00000000 00:00 0 
ffe00000-ffe52000 rw-p 00bbc000 103:02 1326111                           /home/bagrorg/.jdks/openjdk-14.0.1/lib/server/classes.jsa
ffe52000-fff00000 rw-p 00000000 00:00 0 
fff00000-fff7f000 rw-p 00b3d000 103:02 1326111                           /home/bagrorg/.jdks/openjdk-14.0.1/lib/server/classes.jsa
fff7f000-100000000 rw-p 00000000 00:00 0 
800000000-800003000 rwxp 00001000 103:02 1326111                         /home/bagrorg/.jdks/openjdk-14.0.1/lib/server/classes.jsa
800003000-8003e3000 rw-p 00004000 103:02 1326111                         /home/bagrorg/.jdks/openjdk-14.0.1/lib/server/classes.jsa
8003e3000-800b0e000 r--p 003e4000 103:02 1326111                         /home/bagrorg/.jdks/openjdk-14.0.1/lib/server/classes.jsa
800b0e000-800b0f000 rw-p 00b0f000 103:02 1326111                         /home/bagrorg/.jdks/openjdk-14.0.1/lib/server/classes.jsa
800b0f000-800b8f000 rw-p 00000000 00:00 0 
800b8f000-840b0f000 ---p 00000000 00:00 0 
55d663238000-55d663239000 r-xp 00000000 103:02 1179663                   /home/bagrorg/.jdks/openjdk-14.0.1/bin/java
55d66323a000-55d66323b000 r--p 00001000 103:02 1179663                   /home/bagrorg/.jdks/openjdk-14.0.1/bin/java
55d66323b000-55d66323c000 rw-p 00002000 103:02 1179663                   /home/bagrorg/.jdks/openjdk-14.0.1/bin/java
55d66480f000-55d664830000 rw-p 00000000 00:00 0                          [heap]
7f8cd8000000-7f8cd8021000 rw-p 00000000 00:00 0 
7f8cd8021000-7f8cdc000000 ---p 00000000 00:00 0 
7f8ce0000000-7f8ce0021000 rw-p 00000000 00:00 0 
7f8ce0021000-7f8ce4000000 ---p 00000000 00:00 0 
7f8ce4000000-7f8ce4021000 rw-p 00000000 00:00 0 
7f8ce4021000-7f8ce8000000 ---p 00000000 00:00 0 
7f8ce8000000-7f8ce8021000 rw-p 00000000 00:00 0 
7f8ce8021000-7f8cec000000 ---p 00000000 00:00 0 
7f8cec000000-7f8cec021000 rw-p 00000000 00:00 0 
7f8cec021000-7f8cf0000000 ---p 00000000 00:00 0 
7f8cf0000000-7f8cf00f1000 rw-p 00000000 00:00 0 
7f8cf00f1000-7f8cf4000000 ---p 00000000 00:00 0 
7f8cf4000000-7f8cf40ea000 rw-p 00000000 00:00 0 
7f8cf40ea000-7f8cf8000000 ---p 00000000 00:00 0 
7f8cf8000000-7f8cf8021000 rw-p 00000000 00:00 0 
7f8cf8021000-7f8cfc000000 ---p 00000000 00:00 0 
7f8cff299000-7f8cff616000 rw-p 00000000 00:00 0 
7f8cff616000-7f8cff6ac000 r--p 00000000 103:02 30409715                  /usr/lib/x86_64-linux-gnu/libstdc++.so.6.0.28
7f8cff6ac000-7f8cff79c000 r-xp 00096000 103:02 30409715                  /usr/lib/x86_64-linux-gnu/libstdc++.so.6.0.28
7f8cff79c000-7f8cff7e5000 r--p 00186000 103:02 30409715                  /usr/lib/x86_64-linux-gnu/libstdc++.so.6.0.28
7f8cff7e5000-7f8cff7e6000 ---p 001cf000 103:02 30409715                  /usr/lib/x86_64-linux-gnu/libstdc++.so.6.0.28
7f8cff7e6000-7f8cff7f1000 r--p 001cf000 103:02 30409715                  /usr/lib/x86_64-linux-gnu/libstdc++.so.6.0.28
7f8cff7f1000-7f8cff7f4000 rw-p 001da000 103:02 30409715                  /usr/lib/x86_64-linux-gnu/libstdc++.so.6.0.28
7f8cff7f4000-7f8cff7f7000 rw-p 00000000 00:00 0 
7f8cff7f7000-7f8cff7f8000 ---p 00000000 00:00 0 
7f8cff7f8000-7f8cff8f9000 rw-p 00000000 00:00 0 
7f8cff8f9000-7f8cff8fd000 ---p 00000000 00:00 0 
7f8cff8fd000-7f8cff9fa000 rw-p 00000000 00:00 0 
7f8cff9fa000-7f8cff9fe000 ---p 00000000 00:00 0 
7f8cff9fe000-7f8cffafb000 rw-p 00000000 00:00 0 
7f8cffafb000-7f8cffaff000 ---p 00000000 00:00 0 
7f8cffaff000-7f8cffbfc000 rw-p 00000000 00:00 0 
7f8cffbfc000-7f8cffc00000 ---p 00000000 00:00 0 
7f8cffc00000-7f8cffcfd000 rw-p 00000000 00:00 0 
7f8cffcfd000-7f8cffd01000 ---p 00000000 00:00 0 
7f8cffd01000-7f8cffdfe000 rw-p 00000000 00:00 0 
7f8cffdfe000-7f8cffe02000 ---p 00000000 00:00 0 
7f8cffe02000-7f8cffeff000 rw-p 00000000 00:00 0 
7f8cffeff000-7f8cfff03000 ---p 00000000 00:00 0 
7f8cfff03000-7f8d00000000 rw-p 00000000 00:00 0 
7f8d00000000-7f8d00021000 rw-p 00000000 00:00 0 
7f8d00021000-7f8d04000000 ---p 00000000 00:00 0 
7f8d04000000-7f8d04021000 rw-p 00000000 00:00 0 
7f8d04021000-7f8d08000000 ---p 00000000 00:00 0 
7f8d08000000-7f8d08021000 rw-p 00000000 00:00 0 
7f8d08021000-7f8d0c000000 ---p 00000000 00:00 0 
7f8d0c000000-7f8d0c021000 rw-p 00000000 00:00 0 
7f8d0c021000-7f8d10000000 ---p 00000000 00:00 0 
7f8d10000000-7f8d10021000 rw-p 00000000 00:00 0 
7f8d10021000-7f8d14000000 ---p 00000000 00:00 0 
7f8d14000000-7f8d14021000 rw-p 00000000 00:00 0 
7f8d14021000-7f8d18000000 ---p 00000000 00:00 0 
7f8d18000000-7f8d18021000 rw-p 00000000 00:00 0 
7f8d18021000-7f8d1c000000 ---p 00000000 00:00 0 
7f8d1c000000-7f8d1c021000 rw-p 00000000 00:00 0 
7f8d1c021000-7f8d20000000 ---p 00000000 00:00 0 
7f8d20000000-7f8d20021000 rw-p 00000000 00:00 0 
7f8d20021000-7f8d24000000 ---p 00000000 00:00 0 
7f8d2403e000-7f8d2406e000 r--p 00000000 103:02 1842433                   /usr/share/locale-langpack/ru/LC_MESSAGES/libc.mo
7f8d2406e000-7f8d24071000 r--p 00000000 103:02 30410398                  /usr/lib/x86_64-linux-gnu/libgcc_s.so.1
7f8d24071000-7f8d24083000 r-xp 00003000 103:02 30410398                  /usr/lib/x86_64-linux-gnu/libgcc_s.so.1
7f8d24083000-7f8d24087000 r--p 00015000 103:02 30410398                  /usr/lib/x86_64-linux-gnu/libgcc_s.so.1
7f8d24087000-7f8d24088000 r--p 00018000 103:02 30410398                  /usr/lib/x86_64-linux-gnu/libgcc_s.so.1
7f8d24088000-7f8d24089000 rw-p 00019000 103:02 30410398                  /usr/lib/x86_64-linux-gnu/libgcc_s.so.1
7f8d24089000-7f8d2408d000 ---p 00000000 00:00 0 
7f8d2408d000-7f8d2418a000 rw-p 00000000 00:00 0 
7f8d2418a000-7f8d246fc000 r--p 00000000 103:02 30409883                  /usr/lib/locale/locale-archive
7f8d246fc000-7f8d24700000 ---p 00000000 00:00 0 
7f8d24700000-7f8d247fd000 rw-p 00000000 00:00 0 
7f8d247fd000-7f8d24801000 ---p 00000000 00:00 0 
7f8d24801000-7f8d248fe000 rw-p 00000000 00:00 0 
7f8d248fe000-7f8d248ff000 ---p 00000000 00:00 0 
7f8d248ff000-7f8d24ec1000 rw-p 00000000 00:00 0 
7f8d24ec1000-7f8d25281000 ---p 00000000 00:00 0 
7f8d25281000-7f8d25282000 ---p 00000000 00:00 0 
7f8d25282000-7f8d25383000 rw-p 00000000 00:00 0 
7f8d25383000-7f8d25384000 ---p 00000000 00:00 0 
7f8d25384000-7f8d27c8d000 rw-p 00000000 00:00 0 
7f8d27c8d000-7f8d27c8e000 ---p 00000000 00:00 0 
7f8d27c8e000-7f8d27d8f000 rw-p 00000000 00:00 0 
7f8d27d8f000-7f8d27d90000 ---p 00000000 00:00 0 
7f8d27d90000-7f8d28079000 rw-p 00000000 00:00 0 
7f8d28079000-7f8d29cf9000 ---p 00000000 00:00 0 
7f8d29cf9000-7f8d29ee9000 rw-p 00000000 00:00 0 
7f8d29ee9000-7f8d2bb69000 ---p 00000000 00:00 0 
7f8d2bb69000-7f8d2bbae000 rw-p 00000000 00:00 0 
7f8d2bbae000-7f8d2bf3e000 ---p 00000000 00:00 0 
7f8d2bf3e000-7f8d2bf7c000 rw-p 00000000 00:00 0 
7f8d2bf7c000-7f8d2c30c000 ---p 00000000 00:00 0 
7f8d2c30c000-7f8d2c34a000 rw-p 00000000 00:00 0 
7f8d2c34a000-7f8d2c6da000 ---p 00000000 00:00 0 
7f8d2c6da000-7f8d2c6db000 rw-p 00000000 00:00 0 
7f8d2c6db000-7f8d2c94b000 rwxp 00000000 00:00 0 
7f8d2c94b000-7f8d2cc6d000 ---p 00000000 00:00 0 
7f8d2cc6d000-7f8d2cedd000 rwxp 00000000 00:00 0 
7f8d2cedd000-7f8d341a4000 ---p 00000000 00:00 0 
7f8d341a4000-7f8d34414000 rwxp 00000000 00:00 0 
7f8d34414000-7f8d3b6db000 ---p 00000000 00:00 0 
7f8d3b6db000-7f8d44000000 r--s 00000000 103:02 1326102                   /home/bagrorg/.jdks/openjdk-14.0.1/lib/modules
7f8d44000000-7f8d442b2000 rw-p 00000000 00:00 0 
7f8d442b2000-7f8d48000000 ---p 00000000 00:00 0 
7f8d4801d000-7f8d48024000 r--s 00000000 103:02 31071901                  /usr/lib/x86_64-linux-gnu/gconv/gconv-modules.cache
7f8d48024000-7f8d48026000 r-xp 00000000 103:02 1326072                   /home/bagrorg/.jdks/openjdk-14.0.1/lib/libextnet.so
7f8d48026000-7f8d48027000 r--p 00001000 103:02 1326072                   /home/bagrorg/.jdks/openjdk-14.0.1/lib/libextnet.so
7f8d48027000-7f8d48028000 rw-p 00002000 103:02 1326072                   /home/bagrorg/.jdks/openjdk-14.0.1/lib/libextnet.so
7f8d48028000-7f8d4803d000 r-xp 00000000 103:02 1326092                   /home/bagrorg/.jdks/openjdk-14.0.1/lib/libnet.so
7f8d4803d000-7f8d4803e000 r--p 00014000 103:02 1326092                   /home/bagrorg/.jdks/openjdk-14.0.1/lib/libnet.so
7f8d4803e000-7f8d4803f000 rw-p 00015000 103:02 1326092                   /home/bagrorg/.jdks/openjdk-14.0.1/lib/libnet.so
7f8d4803f000-7f8d48050000 r-xp 00000000 103:02 1326093                   /home/bagrorg/.jdks/openjdk-14.0.1/lib/libnio.so
7f8d48050000-7f8d48051000 ---p 00011000 103:02 1326093                   /home/bagrorg/.jdks/openjdk-14.0.1/lib/libnio.so
7f8d48051000-7f8d48052000 r--p 00011000 103:02 1326093                   /home/bagrorg/.jdks/openjdk-14.0.1/lib/libnio.so
7f8d48052000-7f8d48053000 rw-p 00012000 103:02 1326093                   /home/bagrorg/.jdks/openjdk-14.0.1/lib/libnio.so
7f8d48053000-7f8d480ef000 rw-p 00000000 00:00 0 
7f8d480ef000-7f8d480f0000 ---p 00000000 00:00 0 
7f8d480f0000-7f8d48a7c000 rw-p 00000000 00:00 0 
7f8d48a7c000-7f8d48b62000 ---p 00000000 00:00 0 
7f8d48b62000-7f8d48b67000 rw-p 00000000 00:00 0 
7f8d48b67000-7f8d48c4d000 ---p 00000000 00:00 0 
7f8d48c4d000-7f8d48c50000 r--p 00000000 103:02 30414838                  /usr/lib/x86_64-linux-gnu/libnss_files-2.31.so
7f8d48c50000-7f8d48c57000 r-xp 00003000 103:02 30414838                  /usr/lib/x86_64-linux-gnu/libnss_files-2.31.so
7f8d48c57000-7f8d48c59000 r--p 0000a000 103:02 30414838                  /usr/lib/x86_64-linux-gnu/libnss_files-2.31.so
7f8d48c59000-7f8d48c5a000 r--p 0000b000 103:02 30414838                  /usr/lib/x86_64-linux-gnu/libnss_files-2.31.so
7f8d48c5a000-7f8d48c5b000 rw-p 0000c000 103:02 30414838                  /usr/lib/x86_64-linux-gnu/libnss_files-2.31.so
7f8d48c5b000-7f8d48c61000 rw-p 00000000 00:00 0 
7f8d48c61000-7f8d48c62000 r--p 00000000 103:02 3804788                   /home/bagrorg/IdeaProjects/MatrixCUDA/src/main/cpp/cmake-build-debug/libmatrix.so
7f8d48c62000-7f8d48c63000 r-xp 00001000 103:02 3804788                   /home/bagrorg/IdeaProjects/MatrixCUDA/src/main/cpp/cmake-build-debug/libmatrix.so
7f8d48c63000-7f8d48c64000 r--p 00002000 103:02 3804788                   /home/bagrorg/IdeaProjects/MatrixCUDA/src/main/cpp/cmake-build-debug/libmatrix.so
7f8d48c64000-7f8d48c65000 r--p 00002000 103:02 3804788                   /home/bagrorg/IdeaProjects/MatrixCUDA/src/main/cpp/cmake-build-debug/libmatrix.so
7f8d48c65000-7f8d48c66000 rw-p 00003000 103:02 3804788                   /home/bagrorg/IdeaProjects/MatrixCUDA/src/main/cpp/cmake-build-debug/libmatrix.so
7f8d48c66000-7f8d48c6b000 rw-p 00000000 00:00 0 
7f8d48c6b000-7f8d48c72000 ---p 00000000 00:00 0 
7f8d48c72000-7f8d48c79000 r-xp 00000000 103:02 1326101                   /home/bagrorg/.jdks/openjdk-14.0.1/lib/libzip.so
7f8d48c79000-7f8d48c7a000 r--p 00006000 103:02 1326101                   /home/bagrorg/.jdks/openjdk-14.0.1/lib/libzip.so
7f8d48c7a000-7f8d48c7b000 rw-p 00007000 103:02 1326101                   /home/bagrorg/.jdks/openjdk-14.0.1/lib/libzip.so
7f8d48c7b000-7f8d48c83000 rw-s 00000000 103:02 3554873                   /tmp/hsperfdata_bagrorg/31011
7f8d48c83000-7f8d48ca7000 r-xp 00000000 103:02 1326079                   /home/bagrorg/.jdks/openjdk-14.0.1/lib/libjava.so
7f8d48ca7000-7f8d48ca8000 r--p 00023000 103:02 1326079                   /home/bagrorg/.jdks/openjdk-14.0.1/lib/libjava.so
7f8d48ca8000-7f8d48caa000 rw-p 00024000 103:02 1326079                   /home/bagrorg/.jdks/openjdk-14.0.1/lib/libjava.so
7f8d48caa000-7f8d48cb4000 r-xp 00000000 103:02 1326074                   /home/bagrorg/.jdks/openjdk-14.0.1/lib/libinstrument.so
7f8d48cb4000-7f8d48cb5000 r--p 00009000 103:02 1326074                   /home/bagrorg/.jdks/openjdk-14.0.1/lib/libinstrument.so
7f8d48cb5000-7f8d48cb6000 rw-p 0000a000 103:02 1326074                   /home/bagrorg/.jdks/openjdk-14.0.1/lib/libinstrument.so
7f8d48cb6000-7f8d48cb9000 r--p 00000000 103:02 30414845                  /usr/lib/x86_64-linux-gnu/librt-2.31.so
7f8d48cb9000-7f8d48cbd000 r-xp 00003000 103:02 30414845                  /usr/lib/x86_64-linux-gnu/librt-2.31.so
7f8d48cbd000-7f8d48cbe000 r--p 00007000 103:02 30414845                  /usr/lib/x86_64-linux-gnu/librt-2.31.so
7f8d48cbe000-7f8d48cbf000 ---p 00008000 103:02 30414845                  /usr/lib/x86_64-linux-gnu/librt-2.31.so
7f8d48cbf000-7f8d48cc0000 r--p 00008000 103:02 30414845                  /usr/lib/x86_64-linux-gnu/librt-2.31.so
7f8d48cc0000-7f8d48cc1000 rw-p 00009000 103:02 30414845                  /usr/lib/x86_64-linux-gnu/librt-2.31.so
7f8d48cc1000-7f8d48cc5000 ---p 00000000 00:00 0 
7f8d48cc5000-7f8d48dc2000 rw-p 00000000 00:00 0 
7f8d48dc2000-7f8d48dd1000 r--p 00000000 103:02 30414832                  /usr/lib/x86_64-linux-gnu/libm-2.31.so
7f8d48dd1000-7f8d48e78000 r-xp 0000f000 103:02 30414832                  /usr/lib/x86_64-linux-gnu/libm-2.31.so
7f8d48e78000-7f8d48f0f000 r--p 000b6000 103:02 30414832                  /usr/lib/x86_64-linux-gnu/libm-2.31.so
7f8d48f0f000-7f8d48f10000 r--p 0014c000 103:02 30414832                  /usr/lib/x86_64-linux-gnu/libm-2.31.so
7f8d48f10000-7f8d48f11000 rw-p 0014d000 103:02 30414832                  /usr/lib/x86_64-linux-gnu/libm-2.31.so
7f8d48f11000-7f8d49f20000 r-xp 00000000 103:02 1326113                   /home/bagrorg/.jdks/openjdk-14.0.1/lib/server/libjvm.so
7f8d49f20000-7f8d49f21000 ---p 0100f000 103:02 1326113                   /home/bagrorg/.jdks/openjdk-14.0.1/lib/server/libjvm.so
7f8d49f21000-7f8d49fc5000 r--p 0100f000 103:02 1326113                   /home/bagrorg/.jdks/openjdk-14.0.1/lib/server/libjvm.so
7f8d49fc5000-7f8d49ffd000 rw-p 010b3000 103:02 1326113                   /home/bagrorg/.jdks/openjdk-14.0.1/lib/server/libjvm.so
7f8d49ffd000-7f8d4a080000 rw-p 00000000 00:00 0 
7f8d4a080000-7f8d4a0a5000 r--p 00000000 103:02 30414830                  /usr/lib/x86_64-linux-gnu/libc-2.31.so
7f8d4a0a5000-7f8d4a21d000 r-xp 00025000 103:02 30414830                  /usr/lib/x86_64-linux-gnu/libc-2.31.so
7f8d4a21d000-7f8d4a267000 r--p 0019d000 103:02 30414830                  /usr/lib/x86_64-linux-gnu/libc-2.31.so
7f8d4a267000-7f8d4a268000 ---p 001e7000 103:02 30414830                  /usr/lib/x86_64-linux-gnu/libc-2.31.so
7f8d4a268000-7f8d4a26b000 r--p 001e7000 103:02 30414830                  /usr/lib/x86_64-linux-gnu/libc-2.31.so
7f8d4a26b000-7f8d4a26e000 rw-p 001ea000 103:02 30414830                  /usr/lib/x86_64-linux-gnu/libc-2.31.so
7f8d4a26e000-7f8d4a272000 rw-p 00000000 00:00 0 
7f8d4a272000-7f8d4a273000 r--p 00000000 103:02 30414831                  /usr/lib/x86_64-linux-gnu/libdl-2.31.so
7f8d4a273000-7f8d4a275000 r-xp 00001000 103:02 30414831                  /usr/lib/x86_64-linux-gnu/libdl-2.31.so
7f8d4a275000-7f8d4a276000 r--p 00003000 103:02 30414831                  /usr/lib/x86_64-linux-gnu/libdl-2.31.so
7f8d4a276000-7f8d4a277000 r--p 00003000 103:02 30414831                  /usr/lib/x86_64-linux-gnu/libdl-2.31.so
7f8d4a277000-7f8d4a278000 rw-p 00004000 103:02 30414831                  /usr/lib/x86_64-linux-gnu/libdl-2.31.so
7f8d4a278000-7f8d4a27f000 r--p 00000000 103:02 30414843                  /usr/lib/x86_64-linux-gnu/libpthread-2.31.so
7f8d4a27f000-7f8d4a290000 r-xp 00007000 103:02 30414843                  /usr/lib/x86_64-linux-gnu/libpthread-2.31.so
7f8d4a290000-7f8d4a295000 r--p 00018000 103:02 30414843                  /usr/lib/x86_64-linux-gnu/libpthread-2.31.so
7f8d4a295000-7f8d4a296000 r--p 0001c000 103:02 30414843                  /usr/lib/x86_64-linux-gnu/libpthread-2.31.so
7f8d4a296000-7f8d4a297000 rw-p 0001d000 103:02 30414843                  /usr/lib/x86_64-linux-gnu/libpthread-2.31.so
7f8d4a297000-7f8d4a29b000 rw-p 00000000 00:00 0 
7f8d4a29b000-7f8d4a2a9000 r-xp 00000000 103:02 1326084                   /home/bagrorg/.jdks/openjdk-14.0.1/lib/libjli.so
7f8d4a2a9000-7f8d4a2aa000 ---p 0000e000 103:02 1326084                   /home/bagrorg/.jdks/openjdk-14.0.1/lib/libjli.so
7f8d4a2aa000-7f8d4a2ab000 r--p 0000e000 103:02 1326084                   /home/bagrorg/.jdks/openjdk-14.0.1/lib/libjli.so
7f8d4a2ab000-7f8d4a2ac000 rw-p 0000f000 103:02 1326084                   /home/bagrorg/.jdks/openjdk-14.0.1/lib/libjli.so
7f8d4a2ac000-7f8d4a2ae000 r--p 00000000 103:02 30410687                  /usr/lib/x86_64-linux-gnu/libz.so.1.2.11
7f8d4a2ae000-7f8d4a2bf000 r-xp 00002000 103:02 30410687                  /usr/lib/x86_64-linux-gnu/libz.so.1.2.11
7f8d4a2bf000-7f8d4a2c5000 r--p 00013000 103:02 30410687                  /usr/lib/x86_64-linux-gnu/libz.so.1.2.11
7f8d4a2c5000-7f8d4a2c6000 ---p 00019000 103:02 30410687                  /usr/lib/x86_64-linux-gnu/libz.so.1.2.11
7f8d4a2c6000-7f8d4a2c7000 r--p 00019000 103:02 30410687                  /usr/lib/x86_64-linux-gnu/libz.so.1.2.11
7f8d4a2c7000-7f8d4a2c8000 rw-p 0001a000 103:02 30410687                  /usr/lib/x86_64-linux-gnu/libz.so.1.2.11
7f8d4a2c8000-7f8d4a2ca000 rw-p 00000000 00:00 0 
7f8d4a2cc000-7f8d4a2cd000 ---p 00000000 00:00 0 
7f8d4a2cd000-7f8d4a2ce000 r--p 00000000 00:00 0 
7f8d4a2ce000-7f8d4a2e9000 r-xp 00000000 103:02 1326083                   /home/bagrorg/.jdks/openjdk-14.0.1/lib/libjimage.so
7f8d4a2e9000-7f8d4a2eb000 r--p 0001a000 103:02 1326083                   /home/bagrorg/.jdks/openjdk-14.0.1/lib/libjimage.so
7f8d4a2eb000-7f8d4a2ec000 rw-p 0001c000 103:02 1326083                   /home/bagrorg/.jdks/openjdk-14.0.1/lib/libjimage.so
7f8d4a2ec000-7f8d4a2ed000 r--p 00000000 103:02 30414818                  /usr/lib/x86_64-linux-gnu/ld-2.31.so
7f8d4a2ed000-7f8d4a310000 r-xp 00001000 103:02 30414818                  /usr/lib/x86_64-linux-gnu/ld-2.31.so
7f8d4a310000-7f8d4a318000 r--p 00024000 103:02 30414818                  /usr/lib/x86_64-linux-gnu/ld-2.31.so
7f8d4a318000-7f8d4a319000 ---p 00000000 00:00 0 
7f8d4a319000-7f8d4a31a000 r--p 0002c000 103:02 30414818                  /usr/lib/x86_64-linux-gnu/ld-2.31.so
7f8d4a31a000-7f8d4a31b000 rw-p 0002d000 103:02 30414818                  /usr/lib/x86_64-linux-gnu/ld-2.31.so
7f8d4a31b000-7f8d4a31c000 rw-p 00000000 00:00 0 
7fff191ac000-7fff191cd000 rw-p 00000000 00:00 0                          [stack]
7fff191d9000-7fff191dd000 r--p 00000000 00:00 0                          [vvar]
7fff191dd000-7fff191df000 r-xp 00000000 00:00 0                          [vdso]
ffffffffff600000-ffffffffff601000 --xp 00000000 00:00 0                  [vsyscall]


VM Arguments:
jvm_args: -javaagent:/snap/intellij-idea-ultimate/289/lib/idea_rt.jar=43021:/snap/intellij-idea-ultimate/289/bin -Dfile.encoding=UTF-8 
java_command: com.example.bagrorg.MainKt
java_class_path (initial): /home/bagrorg/IdeaProjects/MatrixCUDA/build/classes/kotlin/main:/home/bagrorg/.gradle/caches/modules-2/files-2.1/org.jetbrains.kotlin/kotlin-stdlib-jdk8/1.4.32/3302f9ec8a5c1ed220781dbd37770072549bd333/kotlin-stdlib-jdk8-1.4.32.jar:/home/bagrorg/.gradle/caches/modules-2/files-2.1/org.jetbrains.kotlin/kotlin-stdlib-jdk7/1.4.32/3546900a3ebff0c43f31190baf87a9220e37b7ea/kotlin-stdlib-jdk7-1.4.32.jar:/home/bagrorg/.gradle/caches/modules-2/files-2.1/org.jetbrains.kotlin/kotlin-stdlib/1.4.32/461367948840adbb0839c51d91ed74ef4a9ccb52/kotlin-stdlib-1.4.32.jar:/home/bagrorg/.gradle/caches/modules-2/files-2.1/org.jetbrains.kotlin/kotlin-stdlib-common/1.4.32/ef50bfa2c0491a11dcc35d9822edbfd6170e1ea2/kotlin-stdlib-common-1.4.32.jar:/home/bagrorg/.gradle/caches/modules-2/files-2.1/org.jetbrains/annotations/13.0/919f0dfe192fb4e063e7dacadee7f8bb9a2672a9/annotations-13.0.jar
Launcher Type: SUN_STANDARD

[Global flags]
     intx CICompilerCount                          = 4                                         {product} {ergonomic}
     uint ConcGCThreads                            = 2                                         {product} {ergonomic}
     uint G1ConcRefinementThreads                  = 8                                         {product} {ergonomic}
   size_t G1HeapRegionSize                         = 1048576                                   {product} {ergonomic}
    uintx GCDrainStackTargetSize                   = 64                                        {product} {ergonomic}
   size_t InitialHeapSize                          = 127926272                                 {product} {ergonomic}
   size_t MarkStackSize                            = 4194304                                   {product} {ergonomic}
   size_t MaxHeapSize                              = 2042626048                                {product} {ergonomic}
   size_t MaxNewSize                               = 1224736768                                {product} {ergonomic}
   size_t MinHeapDeltaBytes                        = 1048576                                   {product} {ergonomic}
   size_t MinHeapSize                              = 8388608                                   {product} {ergonomic}
    uintx NonNMethodCodeHeapSize                   = 5839372                                {pd product} {ergonomic}
    uintx NonProfiledCodeHeapSize                  = 122909434                              {pd product} {ergonomic}
    uintx ProfiledCodeHeapSize                     = 122909434                              {pd product} {ergonomic}
    uintx ReservedCodeCacheSize                    = 251658240                              {pd product} {ergonomic}
     bool SegmentedCodeCache                       = true                                      {product} {ergonomic}
   size_t SoftMaxHeapSize                          = 2042626048                             {manageable} {ergonomic}
     bool UseCompressedClassPointers               = true                                 {lp64_product} {ergonomic}
     bool UseCompressedOops                        = true                                 {lp64_product} {ergonomic}
     bool UseG1GC                                  = true                                      {product} {ergonomic}

Logging:
Log output configuration:
 #0: stdout all=warning uptime,level,tags
 #1: stderr all=off uptime,level,tags

Environment Variables:
PATH=/home/bagrorg/.elan/bin:/home/bagrorg/.local/bin:/home/bagrorg/bin:/usr/local/sbin:/usr/local/bin:/usr/sbin:/usr/bin:/sbin:/bin:/usr/games:/usr/local/games:/snap/bin:/home/bagrorg/.dotnet/tools
USERNAME=bagrorg
SHELL=/bin/bash
DISPLAY=:0

Signal Handlers:
SIGSEGV: [libjvm.so+0xd315c0], sa_mask[0]=11111111011111111101111111111110, sa_flags=SA_RESTART|SA_SIGINFO
SIGBUS: [libjvm.so+0xd315c0], sa_mask[0]=11111111011111111101111111111110, sa_flags=SA_RESTART|SA_SIGINFO
SIGFPE: [libjvm.so+0xd315c0], sa_mask[0]=11111111011111111101111111111110, sa_flags=SA_RESTART|SA_SIGINFO
SIGPIPE: [libjvm.so+0xb1c1d0], sa_mask[0]=11111111011111111101111111111110, sa_flags=SA_RESTART|SA_SIGINFO
SIGXFSZ: [libjvm.so+0xb1c1d0], sa_mask[0]=11111111011111111101111111111110, sa_flags=SA_RESTART|SA_SIGINFO
SIGILL: [libjvm.so+0xd315c0], sa_mask[0]=11111111011111111101111111111110, sa_flags=SA_RESTART|SA_SIGINFO
SIGUSR2: [libjvm.so+0xb1c060], sa_mask[0]=00100000000000000000000000000000, sa_flags=SA_RESTART|SA_SIGINFO
SIGHUP: [libjvm.so+0xb1c7d0], sa_mask[0]=11111111011111111101111111111110, sa_flags=SA_RESTART|SA_SIGINFO
SIGINT: [libjvm.so+0xb1c7d0], sa_mask[0]=11111111011111111101111111111110, sa_flags=SA_RESTART|SA_SIGINFO
SIGTERM: [libjvm.so+0xb1c7d0], sa_mask[0]=11111111011111111101111111111110, sa_flags=SA_RESTART|SA_SIGINFO
SIGQUIT: [libjvm.so+0xb1c7d0], sa_mask[0]=11111111011111111101111111111110, sa_flags=SA_RESTART|SA_SIGINFO


---------------  S Y S T E M  ---------------

OS:DISTRIB_ID=Ubuntu
DISTRIB_RELEASE=20.04
DISTRIB_CODENAME=focal
DISTRIB_DESCRIPTION="Ubuntu 20.04.2 LTS"
uname:Linux 5.8.0-48-generic #54~20.04.1-Ubuntu SMP Sat Mar 20 13:40:25 UTC 2021 x86_64
OS uptime: 0 days 10:53 hours
libc:glibc 2.31 NPTL 2.31 
rlimit: STACK 8192k, CORE 0k, NPROC 30909, NOFILE 1048576, AS infinity, DATA infinity, FSIZE infinity
load average:2,87 2,72 1,93

/proc/meminfo:
MemTotal:        7977784 kB
MemFree:          143784 kB
MemAvailable:    1065940 kB
Buffers:           45324 kB
Cached:          1681116 kB
SwapCached:        51240 kB
Active:          5968812 kB
Inactive:        1283736 kB
Active(anon):    5448088 kB
Inactive(anon):   719784 kB
Active(file):     520724 kB
Inactive(file):   563952 kB
Unevictable:        9336 kB
Mlocked:              32 kB
SwapTotal:       2097148 kB
SwapFree:          78676 kB
Dirty:              4652 kB
Writeback:             0 kB
AnonPages:       5484844 kB
Mapped:           659364 kB
Shmem:            641528 kB
KReclaimable:     121504 kB
Slab:             363916 kB
SReclaimable:     121504 kB
SUnreclaim:       242412 kB
KernelStack:       23436 kB
PageTables:        46500 kB
NFS_Unstable:          0 kB
Bounce:                0 kB
WritebackTmp:          0 kB
CommitLimit:     6086040 kB
Committed_AS:   14042452 kB
VmallocTotal:   34359738367 kB
VmallocUsed:       51712 kB
VmallocChunk:          0 kB
Percpu:            11104 kB
HardwareCorrupted:     0 kB
AnonHugePages:         0 kB
ShmemHugePages:        0 kB
ShmemPmdMapped:        0 kB
FileHugePages:         0 kB
FilePmdMapped:         0 kB
HugePages_Total:       0
HugePages_Free:        0
HugePages_Rsvd:        0
HugePages_Surp:        0
Hugepagesize:       2048 kB
Hugetlb:               0 kB
DirectMap4k:      529852 kB
DirectMap2M:     7686144 kB
DirectMap1G:     1048576 kB


/proc/sys/kernel/threads-max (system-wide limit on the number of threads):
61819


/proc/sys/vm/max_map_count (maximum number of memory map areas a process may have):
65530


/proc/sys/kernel/pid_max (system-wide limit on number of process identifiers):
4194304



container (cgroup) information:
container_type: cgroupv1
cpu_cpuset_cpus: 0-7
cpu_memory_nodes: 0
active_processor_count: 8
cpu_quota: no quota
cpu_period: 100000
cpu_shares: no shares
memory_limit_in_bytes: unlimited
memory_and_swap_limit_in_bytes: unlimited
memory_soft_limit_in_bytes: unlimited
memory_usage_in_bytes: 7103676416
memory_max_usage_in_bytes: 7497416704

Steal ticks since vm start: 0
Steal ticks percentage since vm start:  0,000

CPU:total 8 (initial active 8) (4 cores per cpu, 2 threads per core) family 6 model 142 stepping 12, cmov, cx8, fxsr, mmx, sse, sse2, sse3, ssse3, sse4.1, sse4.2, popcnt, avx, avx2, aes, clmul, erms, 3dnowpref, lzcnt, ht, tsc, tscinvbit, bmi1, bmi2, adx, fma
CPU Model and flags from /proc/cpuinfo:
model name	: Intel(R) Core(TM) i5-10210U CPU @ 1.60GHz
flags		: fpu vme de pse tsc msr pae mce cx8 apic sep mtrr pge mca cmov pat pse36 clflush dts acpi mmx fxsr sse sse2 ss ht tm pbe syscall nx pdpe1gb rdtscp lm constant_tsc art arch_perfmon pebs bts rep_good nopl xtopology nonstop_tsc cpuid aperfmperf pni pclmulqdq dtes64 monitor ds_cpl vmx est tm2 ssse3 sdbg fma cx16 xtpr pdcm pcid sse4_1 sse4_2 x2apic movbe popcnt tsc_deadline_timer aes xsave avx f16c rdrand lahf_lm abm 3dnowprefetch cpuid_fault epb invpcid_single ssbd ibrs ibpb stibp ibrs_enhanced tpr_shadow vnmi flexpriority ept vpid ept_ad fsgsbase tsc_adjust bmi1 avx2 smep bmi2 erms invpcid mpx rdseed adx smap clflushopt intel_pt xsaveopt xsavec xgetbv1 xsaves dtherm ida arat pln pts hwp hwp_notify hwp_act_window hwp_epp md_clear flush_l1d arch_capabilities

Memory: 4k page, physical 7977784k(143784k free), swap 2097148k(78676k free)

vm_info: OpenJDK 64-Bit Server VM (14.0.1+7) for linux-amd64 JRE (14.0.1+7), built on Mar  5 2020 10:33:03 by "mach5one" with gcc 8.3.0

END.
