#
# A fatal error has been detected by the Java Runtime Environment:
#
#  SIGSEGV (0xb) at pc=0x00007f149200e190, pid=25992, tid=26008
#
# JRE version: OpenJDK Runtime Environment (14.0.1+7) (build 14.0.1+7)
# Java VM: OpenJDK 64-Bit Server VM (14.0.1+7, mixed mode, sharing, tiered, compressed oops, g1 gc, linux-amd64)
# Problematic frame:
# V  [libjvm.so+0x241190]  AccessInternal::PostRuntimeDispatch<G1BarrierSet::AccessBarrier<1097844ul, G1BarrierSet>, (AccessInternal::BarrierType)2, 1097844ul>::oop_access_barrier(void*)+0x0
#
# Core dump will be written. Default location: Core dumps may be processed with "/usr/share/apport/apport %p %s %c %d %P %E" (or dumping to /home/bagrorg/IdeaProjects/MatrixCUDA/core.25992)
#
# If you would like to submit a bug report, please visit:
#   https://bugreport.java.com/bugreport/crash.jsp
#

---------------  S U M M A R Y ------------

Command Line: -agentlib:jdwp=transport=dt_socket,address=127.0.0.1:60251,suspend=y,server=n -javaagent:/snap/intellij-idea-ultimate/289/plugins/java/lib/rt/debugger-agent.jar -Dfile.encoding=UTF-8 com.example.bagrorg.MainKt

Host: Intel(R) Core(TM) i5-10210U CPU @ 1.60GHz, 8 cores, 7G, Ubuntu 20.04.2 LTS
Time: Wed Apr  7 17:53:43 2021 MSK elapsed time: 9 seconds (0d 0h 0m 9s)

---------------  T H R E A D  ---------------

Current thread (0x00007f148c242000):  JavaThread "JDWP Transport Listener: dt_socket" daemon [_thread_in_vm, id=26008, stack(0x00007f1460883000,0x00007f1460984000)]

Stack: [0x00007f1460883000,0x00007f1460984000],  sp=0x00007f1460982a88,  free space=1022k
Native frames: (J=compiled Java code, A=aot compiled Java code, j=interpreted, Vv=VM code, C=native code)
V  [libjvm.so+0x241190]  AccessInternal::PostRuntimeDispatch<G1BarrierSet::AccessBarrier<1097844ul, G1BarrierSet>, (AccessInternal::BarrierType)2, 1097844ul>::oop_access_barrier(void*)+0x0
C  [libjdwp.so+0x29060]  specificTypeKey+0x210
C  [libjdwp.so+0x327a]  getValues+0x77a
C  [libjdwp.so+0x1217c]  debugLoop_run+0x2ac
C  [libjdwp.so+0x24c03]  attachThread+0x33
V  [libjvm.so+0x94fdb7]  JvmtiAgentThread::call_start_function()+0x87
V  [libjvm.so+0xcc2cf2]  JavaThread::thread_main_inner()+0xe2
V  [libjvm.so+0xcc750d]  Thread::call_run()+0x10d
V  [libjvm.so+0xb24ba7]  thread_native_entry(Thread*)+0xe7


siginfo: si_signo: 11 (SIGSEGV), si_code: 128 (SI_KERNEL), si_addr: 0x0000000000000000

Register to memory mapping:

RAX=0x0000000800000000 is pointing into metadata
RBX=0x00007f148c242000 is a thread
RCX=0x0000000000000003 is an unknown value
RDX=0x00007f1492e85890: <offset 0x00000000010b8890> in /home/bagrorg/.jdks/openjdk-14.0.1/lib/server/libjvm.so at 0x00007f1491dcd000
RSP=0x00007f1460982a88 is pointing into the stack for thread: 0x00007f148c242000
RBP=0x00007f1460982ad0 is pointing into the stack for thread: 0x00007f148c242000
RSI=0x7f14746ef600ba49 is an unknown value
RDI=0x7f14746ef600ba49 is an unknown value
R8 =0x0 is NULL
R9 =0x00007f143c045410 points into unknown readable memory: 5b 4c 6a 61 76 61 2f 6c
R10=0x00007f1424001b30 points into unknown readable memory: 5b 4c 6a 61 76 61 2f 6c
R11=0x0000000000000286 is an unknown value
R12=0x00007f148c242310 points into unknown readable memory: 80 78 e8 92 14 7f 00 00
R13=0x00007f142c000e68 points into unknown readable memory: 30 84 ff ff 00 00 00 00
R14=0x0000000000000002 is an unknown value
R15=0x00007f148c281548 is a global jni handle


Registers:
RAX=0x0000000800000000, RBX=0x00007f148c242000, RCX=0x0000000000000003, RDX=0x00007f1492e85890
RSP=0x00007f1460982a88, RBP=0x00007f1460982ad0, RSI=0x7f14746ef600ba49, RDI=0x7f14746ef600ba49
R8 =0x0000000000000000, R9 =0x00007f143c045410, R10=0x00007f1424001b30, R11=0x0000000000000286
R12=0x00007f148c242310, R13=0x00007f142c000e68, R14=0x0000000000000002, R15=0x00007f148c281548
RIP=0x00007f149200e190, EFLAGS=0x0000000000010202, CSGSFS=0x002b000000000033, ERR=0x0000000000000000
  TRAPNO=0x000000000000000d

Top of Stack: (sp=0x00007f1460982a88)
0x00007f1460982a88:   00007f14925d12db 00007f148c242000
0x00007f1460982a98:   0000000000000000 0000000000000002
0x00007f1460982aa8:   00007f148c281548 00007f1460982ad0
0x00007f1460982ab8:   00007f148c242310 00007f142c000e68 

Instructions: (pc=0x00007f149200e190)
0x00007f149200e090:   48 8b 40 08 48 8b 40 18 48 8b 40 70 48 85 c0 74
0x00007f149200e0a0:   09 48 89 c7 ff 15 66 37 e7 00 48 89 43 e0 48 83
0x00007f149200e0b0:   c4 18 5b 41 5c 41 5d 41 5e 41 5f 5d c3 0f 1f 00
0x00007f149200e0c0:   48 8b 43 20 48 89 df 4c 89 45 c8 4c 8d 60 10 e8
0x00007f149200e0d0:   4c 0f 40 00 4c 8b 45 c8 4c 39 e0 75 97 48 8b 45
0x00007f149200e0e0:   18 4d 63 ed 48 89 df 48 8b 00 4a 8d 34 e8 e8 3d
0x00007f149200e0f0:   0f 40 00 4c 8b 45 c8 e9 78 ff ff ff 0f 1f 40 00
0x00007f149200e100:   83 ef 04 83 ff 0a 77 10 48 8d 05 f1 46 bf 00 8b
0x00007f149200e110:   04 b8 c3 0f 1f 44 00 00 48 8d 05 91 77 e7 00 55
0x00007f149200e120:   be 9c 00 00 00 48 8d 3d 9c 1d ba 00 48 8b 00 48
0x00007f149200e130:   89 e5 c6 00 58 e8 c6 06 34 00 e8 a1 c4 8d 00 31
0x00007f149200e140:   c0 5d c3 90 66 66 2e 0f 1f 84 00 00 00 00 00 90
0x00007f149200e150:   48 8b 47 08 0f b7 50 30 0f b7 40 32 8d 44 02 19
0x00007f149200e160:   c3 66 66 66 66 66 66 2e 0f 1f 84 00 00 00 00 00
0x00007f149200e170:   48 8b 07 c3 66 66 66 2e 0f 1f 84 00 00 00 00 00
0x00007f149200e180:   48 8b 07 c3 66 66 66 2e 0f 1f 84 00 00 00 00 00
0x00007f149200e190:   48 8b 07 c3 66 66 66 2e 0f 1f 84 00 00 00 00 00
0x00007f149200e1a0:   48 8b 07 c3 66 66 66 2e 0f 1f 84 00 00 00 00 00
0x00007f149200e1b0:   48 8b 07 c3 66 66 66 2e 0f 1f 84 00 00 00 00 00
0x00007f149200e1c0:   48 8b 07 c3 66 66 66 2e 0f 1f 84 00 00 00 00 00
0x00007f149200e1d0:   55 48 89 e5 53 48 89 fb 48 83 ec 08 48 8d 05 4d
0x00007f149200e1e0:   fa ea 00 48 8b 00 8b 50 10 48 8d 05 85 87 ed 00
0x00007f149200e1f0:   80 38 00 74 43 48 8d 05 84 ff ff ff 83 fa 02 74
0x00007f149200e200:   1e 0f 86 89 00 00 00 48 8d 05 82 ff ff ff 83 fa
0x00007f149200e210:   03 74 0c 48 8d 05 26 01 00 00 83 fa 04 75 3f 48
0x00007f149200e220:   89 05 ea 35 e7 00 48 83 c4 08 48 89 df 5b 5d ff
0x00007f149200e230:   e0 0f 1f 80 00 00 00 00 48 8d 05 71 ff ff ff 83
0x00007f149200e240:   fa 02 74 db 76 5a 48 8d 05 73 ff ff ff 83 fa 03
0x00007f149200e250:   74 cd 48 8d 05 67 00 00 00 83 fa 04 74 c1 48 8d
0x00007f149200e260:   05 4b 76 e7 00 48 8d 15 ec 1b ba 00 be e8 00 00
0x00007f149200e270:   00 48 8d 3d 20 1c ba 00 48 8b 00 c6 00 58 31 c0
0x00007f149200e280:   e8 2b 03 34 00 e8 56 c3 8d 00 31 c0 eb 91 66 90 


Stack slot to memory mapping:
stack at sp + 0 slots: 0x00007f14925d12db: <offset 0x00000000008042db> in /home/bagrorg/.jdks/openjdk-14.0.1/lib/server/libjvm.so at 0x00007f1491dcd000
stack at sp + 1 slots: 0x00007f148c242000 is a thread
stack at sp + 2 slots: 0x0 is NULL
stack at sp + 3 slots: 0x0000000000000002 is an unknown value
stack at sp + 4 slots: 0x00007f148c281548 is a global jni handle
stack at sp + 5 slots: 0x00007f1460982ad0 is pointing into the stack for thread: 0x00007f148c242000
stack at sp + 6 slots: 0x00007f148c242310 points into unknown readable memory: 80 78 e8 92 14 7f 00 00
stack at sp + 7 slots: 0x00007f142c000e68 points into unknown readable memory: 30 84 ff ff 00 00 00 00


---------------  P R O C E S S  ---------------

Threads class SMR info:
_java_thread_list=0x00007f148c2d27b0, length=13, elements={
0x00007f148c02b800, 0x00007f148c180800, 0x00007f148c182800, 0x00007f148c188800,
0x00007f148c18a800, 0x00007f148c18c800, 0x00007f148c18e800, 0x00007f148c190800,
0x00007f148c1d6800, 0x00007f148c242000, 0x00007f148c245800, 0x00007f142c001000,
0x00007f148c2d0000
}

Java Threads: ( => current thread )
  0x00007f148c02b800 JavaThread "main" [_thread_blocked, id=25993, stack(0x00007f1491b7d000,0x00007f1491c7e000)]
  0x00007f148c180800 JavaThread "Reference Handler" daemon [_thread_blocked, id=26000, stack(0x00007f14615fd000,0x00007f14616fe000)]
  0x00007f148c182800 JavaThread "Finalizer" daemon [_thread_blocked, id=26001, stack(0x00007f14614fc000,0x00007f14615fd000)]
  0x00007f148c188800 JavaThread "Signal Dispatcher" daemon [_thread_blocked, id=26002, stack(0x00007f1460e89000,0x00007f1460f8a000)]
  0x00007f148c18a800 JavaThread "Service Thread" daemon [_thread_blocked, id=26003, stack(0x00007f1460d88000,0x00007f1460e89000)]
  0x00007f148c18c800 JavaThread "C2 CompilerThread0" daemon [_thread_blocked, id=26004, stack(0x00007f1460c87000,0x00007f1460d88000)]
  0x00007f148c18e800 JavaThread "C1 CompilerThread0" daemon [_thread_blocked, id=26005, stack(0x00007f1460b86000,0x00007f1460c87000)]
  0x00007f148c190800 JavaThread "Sweeper thread" daemon [_thread_blocked, id=26006, stack(0x00007f1460a85000,0x00007f1460b86000)]
  0x00007f148c1d6800 JavaThread "Common-Cleaner" daemon [_thread_blocked, id=26007, stack(0x00007f1460984000,0x00007f1460a85000)]
=>0x00007f148c242000 JavaThread "JDWP Transport Listener: dt_socket" daemon [_thread_in_vm, id=26008, stack(0x00007f1460883000,0x00007f1460984000)]
  0x00007f148c245800 JavaThread "JDWP Event Helper Thread" daemon [_thread_blocked, id=26009, stack(0x00007f1460782000,0x00007f1460883000)]
  0x00007f142c001000 JavaThread "JDWP Command Reader" daemon [_thread_in_native, id=26010, stack(0x00007f1460681000,0x00007f1460782000)]
  0x00007f148c2d0000 JavaThread "Notification Thread" daemon [_thread_blocked, id=26013, stack(0x00007f1460580000,0x00007f1460681000)]

Other Threads:
  0x00007f148c17d800 VMThread "VM Thread" [stack: 0x00007f1461700000,0x00007f1461800000] [id=25999]
  0x00007f148c2d3800 WatcherThread [stack: 0x00007f1460480000,0x00007f1460580000] [id=26014]
  0x00007f148c06b800 GCTaskThread "GC Thread#0" [stack: 0x00007f1490405000,0x00007f1490505000] [id=25994]
  0x00007f148c07d000 ConcurrentGCThread "G1 Main Marker" [stack: 0x00007f1490303000,0x00007f1490403000] [id=25995]
  0x00007f148c07e800 ConcurrentGCThread "G1 Conc#0" [stack: 0x00007f1490201000,0x00007f1490301000] [id=25996]
  0x00007f148c104000 ConcurrentGCThread "G1 Refine#0" [stack: 0x00007f14701f4000,0x00007f14702f4000] [id=25997]
  0x00007f148c106000 ConcurrentGCThread "G1 Young RemSet Sampling" [stack: 0x00007f14700f2000,0x00007f14701f2000] [id=25998]

Threads with active compile tasks:

VM state:not at safepoint (normal execution)

VM Mutex/Monitor currently owned by a thread: None

Heap address: 0x0000000086400000, size: 1948 MB, Compressed Oops mode: 32-bit
Narrow klass base: 0x0000000800000000, Narrow klass shift: 3
Compressed class space size: 1073741824 Address: 0x0000000800b0f000

Heap:
 garbage-first heap   total 126976K, used 2884K [0x0000000086400000, 0x0000000100000000)
  region size 1024K, 3 young (3072K), 0 survivors (0K)
 Metaspace       used 673K, capacity 4692K, committed 4864K, reserved 1056768K
  class space    used 64K, capacity 438K, committed 512K, reserved 1048576K
Heap Regions: E=young(eden), S=young(survivor), O=old, HS=humongous(starts), HC=humongous(continues), CS=collection set, F=free, OA=open archive, CA=closed archive, TAMS=top-at-mark-start (previous, next)
|   0|0x0000000086400000, 0x0000000086400000, 0x0000000086500000|  0%| F|  |TAMS 0x0000000086400000, 0x0000000086400000| Untracked 
|   1|0x0000000086500000, 0x0000000086500000, 0x0000000086600000|  0%| F|  |TAMS 0x0000000086500000, 0x0000000086500000| Untracked 
|   2|0x0000000086600000, 0x0000000086600000, 0x0000000086700000|  0%| F|  |TAMS 0x0000000086600000, 0x0000000086600000| Untracked 
|   3|0x0000000086700000, 0x0000000086700000, 0x0000000086800000|  0%| F|  |TAMS 0x0000000086700000, 0x0000000086700000| Untracked 
|   4|0x0000000086800000, 0x0000000086800000, 0x0000000086900000|  0%| F|  |TAMS 0x0000000086800000, 0x0000000086800000| Untracked 
|   5|0x0000000086900000, 0x0000000086900000, 0x0000000086a00000|  0%| F|  |TAMS 0x0000000086900000, 0x0000000086900000| Untracked 
|   6|0x0000000086a00000, 0x0000000086a00000, 0x0000000086b00000|  0%| F|  |TAMS 0x0000000086a00000, 0x0000000086a00000| Untracked 
|   7|0x0000000086b00000, 0x0000000086b00000, 0x0000000086c00000|  0%| F|  |TAMS 0x0000000086b00000, 0x0000000086b00000| Untracked 
|   8|0x0000000086c00000, 0x0000000086c00000, 0x0000000086d00000|  0%| F|  |TAMS 0x0000000086c00000, 0x0000000086c00000| Untracked 
|   9|0x0000000086d00000, 0x0000000086d00000, 0x0000000086e00000|  0%| F|  |TAMS 0x0000000086d00000, 0x0000000086d00000| Untracked 
|  10|0x0000000086e00000, 0x0000000086e00000, 0x0000000086f00000|  0%| F|  |TAMS 0x0000000086e00000, 0x0000000086e00000| Untracked 
|  11|0x0000000086f00000, 0x0000000086f00000, 0x0000000087000000|  0%| F|  |TAMS 0x0000000086f00000, 0x0000000086f00000| Untracked 
|  12|0x0000000087000000, 0x0000000087000000, 0x0000000087100000|  0%| F|  |TAMS 0x0000000087000000, 0x0000000087000000| Untracked 
|  13|0x0000000087100000, 0x0000000087100000, 0x0000000087200000|  0%| F|  |TAMS 0x0000000087100000, 0x0000000087100000| Untracked 
|  14|0x0000000087200000, 0x0000000087200000, 0x0000000087300000|  0%| F|  |TAMS 0x0000000087200000, 0x0000000087200000| Untracked 
|  15|0x0000000087300000, 0x0000000087300000, 0x0000000087400000|  0%| F|  |TAMS 0x0000000087300000, 0x0000000087300000| Untracked 
|  16|0x0000000087400000, 0x0000000087400000, 0x0000000087500000|  0%| F|  |TAMS 0x0000000087400000, 0x0000000087400000| Untracked 
|  17|0x0000000087500000, 0x0000000087500000, 0x0000000087600000|  0%| F|  |TAMS 0x0000000087500000, 0x0000000087500000| Untracked 
|  18|0x0000000087600000, 0x0000000087600000, 0x0000000087700000|  0%| F|  |TAMS 0x0000000087600000, 0x0000000087600000| Untracked 
|  19|0x0000000087700000, 0x0000000087700000, 0x0000000087800000|  0%| F|  |TAMS 0x0000000087700000, 0x0000000087700000| Untracked 
|  20|0x0000000087800000, 0x0000000087800000, 0x0000000087900000|  0%| F|  |TAMS 0x0000000087800000, 0x0000000087800000| Untracked 
|  21|0x0000000087900000, 0x0000000087900000, 0x0000000087a00000|  0%| F|  |TAMS 0x0000000087900000, 0x0000000087900000| Untracked 
|  22|0x0000000087a00000, 0x0000000087a00000, 0x0000000087b00000|  0%| F|  |TAMS 0x0000000087a00000, 0x0000000087a00000| Untracked 
|  23|0x0000000087b00000, 0x0000000087b00000, 0x0000000087c00000|  0%| F|  |TAMS 0x0000000087b00000, 0x0000000087b00000| Untracked 
|  24|0x0000000087c00000, 0x0000000087c00000, 0x0000000087d00000|  0%| F|  |TAMS 0x0000000087c00000, 0x0000000087c00000| Untracked 
|  25|0x0000000087d00000, 0x0000000087d00000, 0x0000000087e00000|  0%| F|  |TAMS 0x0000000087d00000, 0x0000000087d00000| Untracked 
|  26|0x0000000087e00000, 0x0000000087e00000, 0x0000000087f00000|  0%| F|  |TAMS 0x0000000087e00000, 0x0000000087e00000| Untracked 
|  27|0x0000000087f00000, 0x0000000087f00000, 0x0000000088000000|  0%| F|  |TAMS 0x0000000087f00000, 0x0000000087f00000| Untracked 
|  28|0x0000000088000000, 0x0000000088000000, 0x0000000088100000|  0%| F|  |TAMS 0x0000000088000000, 0x0000000088000000| Untracked 
|  29|0x0000000088100000, 0x0000000088100000, 0x0000000088200000|  0%| F|  |TAMS 0x0000000088100000, 0x0000000088100000| Untracked 
|  30|0x0000000088200000, 0x0000000088200000, 0x0000000088300000|  0%| F|  |TAMS 0x0000000088200000, 0x0000000088200000| Untracked 
|  31|0x0000000088300000, 0x0000000088300000, 0x0000000088400000|  0%| F|  |TAMS 0x0000000088300000, 0x0000000088300000| Untracked 
|  32|0x0000000088400000, 0x0000000088400000, 0x0000000088500000|  0%| F|  |TAMS 0x0000000088400000, 0x0000000088400000| Untracked 
|  33|0x0000000088500000, 0x0000000088500000, 0x0000000088600000|  0%| F|  |TAMS 0x0000000088500000, 0x0000000088500000| Untracked 
|  34|0x0000000088600000, 0x0000000088600000, 0x0000000088700000|  0%| F|  |TAMS 0x0000000088600000, 0x0000000088600000| Untracked 
|  35|0x0000000088700000, 0x0000000088700000, 0x0000000088800000|  0%| F|  |TAMS 0x0000000088700000, 0x0000000088700000| Untracked 
|  36|0x0000000088800000, 0x0000000088800000, 0x0000000088900000|  0%| F|  |TAMS 0x0000000088800000, 0x0000000088800000| Untracked 
|  37|0x0000000088900000, 0x0000000088900000, 0x0000000088a00000|  0%| F|  |TAMS 0x0000000088900000, 0x0000000088900000| Untracked 
|  38|0x0000000088a00000, 0x0000000088a00000, 0x0000000088b00000|  0%| F|  |TAMS 0x0000000088a00000, 0x0000000088a00000| Untracked 
|  39|0x0000000088b00000, 0x0000000088b00000, 0x0000000088c00000|  0%| F|  |TAMS 0x0000000088b00000, 0x0000000088b00000| Untracked 
|  40|0x0000000088c00000, 0x0000000088c00000, 0x0000000088d00000|  0%| F|  |TAMS 0x0000000088c00000, 0x0000000088c00000| Untracked 
|  41|0x0000000088d00000, 0x0000000088d00000, 0x0000000088e00000|  0%| F|  |TAMS 0x0000000088d00000, 0x0000000088d00000| Untracked 
|  42|0x0000000088e00000, 0x0000000088e00000, 0x0000000088f00000|  0%| F|  |TAMS 0x0000000088e00000, 0x0000000088e00000| Untracked 
|  43|0x0000000088f00000, 0x0000000088f00000, 0x0000000089000000|  0%| F|  |TAMS 0x0000000088f00000, 0x0000000088f00000| Untracked 
|  44|0x0000000089000000, 0x0000000089000000, 0x0000000089100000|  0%| F|  |TAMS 0x0000000089000000, 0x0000000089000000| Untracked 
|  45|0x0000000089100000, 0x0000000089100000, 0x0000000089200000|  0%| F|  |TAMS 0x0000000089100000, 0x0000000089100000| Untracked 
|  46|0x0000000089200000, 0x0000000089200000, 0x0000000089300000|  0%| F|  |TAMS 0x0000000089200000, 0x0000000089200000| Untracked 
|  47|0x0000000089300000, 0x0000000089300000, 0x0000000089400000|  0%| F|  |TAMS 0x0000000089300000, 0x0000000089300000| Untracked 
|  48|0x0000000089400000, 0x0000000089400000, 0x0000000089500000|  0%| F|  |TAMS 0x0000000089400000, 0x0000000089400000| Untracked 
|  49|0x0000000089500000, 0x0000000089500000, 0x0000000089600000|  0%| F|  |TAMS 0x0000000089500000, 0x0000000089500000| Untracked 
|  50|0x0000000089600000, 0x0000000089600000, 0x0000000089700000|  0%| F|  |TAMS 0x0000000089600000, 0x0000000089600000| Untracked 
|  51|0x0000000089700000, 0x0000000089700000, 0x0000000089800000|  0%| F|  |TAMS 0x0000000089700000, 0x0000000089700000| Untracked 
|  52|0x0000000089800000, 0x0000000089800000, 0x0000000089900000|  0%| F|  |TAMS 0x0000000089800000, 0x0000000089800000| Untracked 
|  53|0x0000000089900000, 0x0000000089900000, 0x0000000089a00000|  0%| F|  |TAMS 0x0000000089900000, 0x0000000089900000| Untracked 
|  54|0x0000000089a00000, 0x0000000089a00000, 0x0000000089b00000|  0%| F|  |TAMS 0x0000000089a00000, 0x0000000089a00000| Untracked 
|  55|0x0000000089b00000, 0x0000000089b00000, 0x0000000089c00000|  0%| F|  |TAMS 0x0000000089b00000, 0x0000000089b00000| Untracked 
|  56|0x0000000089c00000, 0x0000000089c00000, 0x0000000089d00000|  0%| F|  |TAMS 0x0000000089c00000, 0x0000000089c00000| Untracked 
|  57|0x0000000089d00000, 0x0000000089d00000, 0x0000000089e00000|  0%| F|  |TAMS 0x0000000089d00000, 0x0000000089d00000| Untracked 
|  58|0x0000000089e00000, 0x0000000089e00000, 0x0000000089f00000|  0%| F|  |TAMS 0x0000000089e00000, 0x0000000089e00000| Untracked 
|  59|0x0000000089f00000, 0x0000000089f00000, 0x000000008a000000|  0%| F|  |TAMS 0x0000000089f00000, 0x0000000089f00000| Untracked 
|  60|0x000000008a000000, 0x000000008a000000, 0x000000008a100000|  0%| F|  |TAMS 0x000000008a000000, 0x000000008a000000| Untracked 
|  61|0x000000008a100000, 0x000000008a100000, 0x000000008a200000|  0%| F|  |TAMS 0x000000008a100000, 0x000000008a100000| Untracked 
|  62|0x000000008a200000, 0x000000008a200000, 0x000000008a300000|  0%| F|  |TAMS 0x000000008a200000, 0x000000008a200000| Untracked 
|  63|0x000000008a300000, 0x000000008a300000, 0x000000008a400000|  0%| F|  |TAMS 0x000000008a300000, 0x000000008a300000| Untracked 
|  64|0x000000008a400000, 0x000000008a400000, 0x000000008a500000|  0%| F|  |TAMS 0x000000008a400000, 0x000000008a400000| Untracked 
|  65|0x000000008a500000, 0x000000008a500000, 0x000000008a600000|  0%| F|  |TAMS 0x000000008a500000, 0x000000008a500000| Untracked 
|  66|0x000000008a600000, 0x000000008a600000, 0x000000008a700000|  0%| F|  |TAMS 0x000000008a600000, 0x000000008a600000| Untracked 
|  67|0x000000008a700000, 0x000000008a700000, 0x000000008a800000|  0%| F|  |TAMS 0x000000008a700000, 0x000000008a700000| Untracked 
|  68|0x000000008a800000, 0x000000008a800000, 0x000000008a900000|  0%| F|  |TAMS 0x000000008a800000, 0x000000008a800000| Untracked 
|  69|0x000000008a900000, 0x000000008a900000, 0x000000008aa00000|  0%| F|  |TAMS 0x000000008a900000, 0x000000008a900000| Untracked 
|  70|0x000000008aa00000, 0x000000008aa00000, 0x000000008ab00000|  0%| F|  |TAMS 0x000000008aa00000, 0x000000008aa00000| Untracked 
|  71|0x000000008ab00000, 0x000000008ab00000, 0x000000008ac00000|  0%| F|  |TAMS 0x000000008ab00000, 0x000000008ab00000| Untracked 
|  72|0x000000008ac00000, 0x000000008ac00000, 0x000000008ad00000|  0%| F|  |TAMS 0x000000008ac00000, 0x000000008ac00000| Untracked 
|  73|0x000000008ad00000, 0x000000008ad00000, 0x000000008ae00000|  0%| F|  |TAMS 0x000000008ad00000, 0x000000008ad00000| Untracked 
|  74|0x000000008ae00000, 0x000000008ae00000, 0x000000008af00000|  0%| F|  |TAMS 0x000000008ae00000, 0x000000008ae00000| Untracked 
|  75|0x000000008af00000, 0x000000008af00000, 0x000000008b000000|  0%| F|  |TAMS 0x000000008af00000, 0x000000008af00000| Untracked 
|  76|0x000000008b000000, 0x000000008b000000, 0x000000008b100000|  0%| F|  |TAMS 0x000000008b000000, 0x000000008b000000| Untracked 
|  77|0x000000008b100000, 0x000000008b100000, 0x000000008b200000|  0%| F|  |TAMS 0x000000008b100000, 0x000000008b100000| Untracked 
|  78|0x000000008b200000, 0x000000008b200000, 0x000000008b300000|  0%| F|  |TAMS 0x000000008b200000, 0x000000008b200000| Untracked 
|  79|0x000000008b300000, 0x000000008b300000, 0x000000008b400000|  0%| F|  |TAMS 0x000000008b300000, 0x000000008b300000| Untracked 
|  80|0x000000008b400000, 0x000000008b400000, 0x000000008b500000|  0%| F|  |TAMS 0x000000008b400000, 0x000000008b400000| Untracked 
|  81|0x000000008b500000, 0x000000008b500000, 0x000000008b600000|  0%| F|  |TAMS 0x000000008b500000, 0x000000008b500000| Untracked 
|  82|0x000000008b600000, 0x000000008b600000, 0x000000008b700000|  0%| F|  |TAMS 0x000000008b600000, 0x000000008b600000| Untracked 
|  83|0x000000008b700000, 0x000000008b700000, 0x000000008b800000|  0%| F|  |TAMS 0x000000008b700000, 0x000000008b700000| Untracked 
|  84|0x000000008b800000, 0x000000008b800000, 0x000000008b900000|  0%| F|  |TAMS 0x000000008b800000, 0x000000008b800000| Untracked 
|  85|0x000000008b900000, 0x000000008b900000, 0x000000008ba00000|  0%| F|  |TAMS 0x000000008b900000, 0x000000008b900000| Untracked 
|  86|0x000000008ba00000, 0x000000008ba00000, 0x000000008bb00000|  0%| F|  |TAMS 0x000000008ba00000, 0x000000008ba00000| Untracked 
|  87|0x000000008bb00000, 0x000000008bb00000, 0x000000008bc00000|  0%| F|  |TAMS 0x000000008bb00000, 0x000000008bb00000| Untracked 
|  88|0x000000008bc00000, 0x000000008bc00000, 0x000000008bd00000|  0%| F|  |TAMS 0x000000008bc00000, 0x000000008bc00000| Untracked 
|  89|0x000000008bd00000, 0x000000008bd00000, 0x000000008be00000|  0%| F|  |TAMS 0x000000008bd00000, 0x000000008bd00000| Untracked 
|  90|0x000000008be00000, 0x000000008be00000, 0x000000008bf00000|  0%| F|  |TAMS 0x000000008be00000, 0x000000008be00000| Untracked 
|  91|0x000000008bf00000, 0x000000008bf00000, 0x000000008c000000|  0%| F|  |TAMS 0x000000008bf00000, 0x000000008bf00000| Untracked 
|  92|0x000000008c000000, 0x000000008c000000, 0x000000008c100000|  0%| F|  |TAMS 0x000000008c000000, 0x000000008c000000| Untracked 
|  93|0x000000008c100000, 0x000000008c100000, 0x000000008c200000|  0%| F|  |TAMS 0x000000008c100000, 0x000000008c100000| Untracked 
|  94|0x000000008c200000, 0x000000008c200000, 0x000000008c300000|  0%| F|  |TAMS 0x000000008c200000, 0x000000008c200000| Untracked 
|  95|0x000000008c300000, 0x000000008c300000, 0x000000008c400000|  0%| F|  |TAMS 0x000000008c300000, 0x000000008c300000| Untracked 
|  96|0x000000008c400000, 0x000000008c400000, 0x000000008c500000|  0%| F|  |TAMS 0x000000008c400000, 0x000000008c400000| Untracked 
|  97|0x000000008c500000, 0x000000008c500000, 0x000000008c600000|  0%| F|  |TAMS 0x000000008c500000, 0x000000008c500000| Untracked 
|  98|0x000000008c600000, 0x000000008c600000, 0x000000008c700000|  0%| F|  |TAMS 0x000000008c600000, 0x000000008c600000| Untracked 
|  99|0x000000008c700000, 0x000000008c700000, 0x000000008c800000|  0%| F|  |TAMS 0x000000008c700000, 0x000000008c700000| Untracked 
| 100|0x000000008c800000, 0x000000008c800000, 0x000000008c900000|  0%| F|  |TAMS 0x000000008c800000, 0x000000008c800000| Untracked 
| 101|0x000000008c900000, 0x000000008c900000, 0x000000008ca00000|  0%| F|  |TAMS 0x000000008c900000, 0x000000008c900000| Untracked 
| 102|0x000000008ca00000, 0x000000008ca00000, 0x000000008cb00000|  0%| F|  |TAMS 0x000000008ca00000, 0x000000008ca00000| Untracked 
| 103|0x000000008cb00000, 0x000000008cb00000, 0x000000008cc00000|  0%| F|  |TAMS 0x000000008cb00000, 0x000000008cb00000| Untracked 
| 104|0x000000008cc00000, 0x000000008cc00000, 0x000000008cd00000|  0%| F|  |TAMS 0x000000008cc00000, 0x000000008cc00000| Untracked 
| 105|0x000000008cd00000, 0x000000008cd00000, 0x000000008ce00000|  0%| F|  |TAMS 0x000000008cd00000, 0x000000008cd00000| Untracked 
| 106|0x000000008ce00000, 0x000000008ce00000, 0x000000008cf00000|  0%| F|  |TAMS 0x000000008ce00000, 0x000000008ce00000| Untracked 
| 107|0x000000008cf00000, 0x000000008cf00000, 0x000000008d000000|  0%| F|  |TAMS 0x000000008cf00000, 0x000000008cf00000| Untracked 
| 108|0x000000008d000000, 0x000000008d000000, 0x000000008d100000|  0%| F|  |TAMS 0x000000008d000000, 0x000000008d000000| Untracked 
| 109|0x000000008d100000, 0x000000008d100000, 0x000000008d200000|  0%| F|  |TAMS 0x000000008d100000, 0x000000008d100000| Untracked 
| 110|0x000000008d200000, 0x000000008d200000, 0x000000008d300000|  0%| F|  |TAMS 0x000000008d200000, 0x000000008d200000| Untracked 
| 111|0x000000008d300000, 0x000000008d300000, 0x000000008d400000|  0%| F|  |TAMS 0x000000008d300000, 0x000000008d300000| Untracked 
| 112|0x000000008d400000, 0x000000008d400000, 0x000000008d500000|  0%| F|  |TAMS 0x000000008d400000, 0x000000008d400000| Untracked 
| 113|0x000000008d500000, 0x000000008d500000, 0x000000008d600000|  0%| F|  |TAMS 0x000000008d500000, 0x000000008d500000| Untracked 
| 114|0x000000008d600000, 0x000000008d600000, 0x000000008d700000|  0%| F|  |TAMS 0x000000008d600000, 0x000000008d600000| Untracked 
| 115|0x000000008d700000, 0x000000008d700000, 0x000000008d800000|  0%| F|  |TAMS 0x000000008d700000, 0x000000008d700000| Untracked 
| 116|0x000000008d800000, 0x000000008d800000, 0x000000008d900000|  0%| F|  |TAMS 0x000000008d800000, 0x000000008d800000| Untracked 
| 117|0x000000008d900000, 0x000000008d900000, 0x000000008da00000|  0%| F|  |TAMS 0x000000008d900000, 0x000000008d900000| Untracked 
| 118|0x000000008da00000, 0x000000008da00000, 0x000000008db00000|  0%| F|  |TAMS 0x000000008da00000, 0x000000008da00000| Untracked 
| 119|0x000000008db00000, 0x000000008dc00000, 0x000000008dc00000|100%| E|  |TAMS 0x000000008db00000, 0x000000008db00000| Complete 
| 120|0x000000008dc00000, 0x000000008dd00000, 0x000000008dd00000|100%| E|CS|TAMS 0x000000008dc00000, 0x000000008dc00000| Complete 
| 121|0x000000008dd00000, 0x000000008de00000, 0x000000008de00000|100%| E|CS|TAMS 0x000000008dd00000, 0x000000008dd00000| Complete 
|1946|0x00000000ffe00000, 0x00000000ffe52000, 0x00000000fff00000| 32%|OA|  |TAMS 0x00000000ffe00000, 0x00000000ffe00000| Untracked 
|1947|0x00000000fff00000, 0x00000000fff7f000, 0x0000000100000000| 49%|CA|  |TAMS 0x00000000fff00000, 0x00000000fff00000| Untracked 

Card table byte_map: [0x00007f1490951000,0x00007f1490d1f000] _byte_map_base: 0x00007f149051f000

Marking Bits (Prev, Next): (CMBitMap*) 0x00007f148c06cbd8, (CMBitMap*) 0x00007f148c06cc18
 Prev Bits: [0x00007f147286b000, 0x00007f14746db000)
 Next Bits: [0x00007f14709fb000, 0x00007f147286b000)

Polling page: 0x00007f1493188000

Metaspace:

Usage:
  Non-class:      4,15 MB capacity,   608,27 KB ( 14%) used,     3,56 MB ( 86%) free+waste,     1,88 KB ( <1%) overhead. 
      Class:    438,00 KB capacity,    64,88 KB ( 15%) used,   371,88 KB ( 85%) free+waste,     1,25 KB ( <1%) overhead. 
       Both:      4,58 MB capacity,   673,15 KB ( 14%) used,     3,92 MB ( 86%) free+waste,     3,12 KB ( <1%) overhead. 

Virtual space:
  Non-class space:        8,00 MB reserved,       4,25 MB ( 53%) committed 
      Class space:        1,00 GB reserved,     512,00 KB ( <1%) committed 
             Both:        1,01 GB reserved,       4,75 MB ( <1%) committed 

Chunk freelists:
   Non-Class:  34,00 KB
       Class:  14,00 KB
        Both:  48,00 KB

MaxMetaspaceSize: unlimited
CompressedClassSpaceSize: 1,00 GB

CodeHeap 'non-profiled nmethods': size=120028Kb used=63Kb max_used=63Kb free=119965Kb
 bounds [0x00007f147c1a4000, 0x00007f147c414000, 0x00007f14836db000]
CodeHeap 'profiled nmethods': size=120028Kb used=267Kb max_used=267Kb free=119761Kb
 bounds [0x00007f1474c6d000, 0x00007f1474edd000, 0x00007f147c1a4000]
CodeHeap 'non-nmethods': size=5704Kb used=1170Kb max_used=1181Kb free=4533Kb
 bounds [0x00007f14746db000, 0x00007f147494b000, 0x00007f1474c6d000]
 total_blobs=639 nmethods=222 adapters=255
 compilation: enabled
              stopped_count=0, restarted_count=0
 full_count=0

Compilation events (20 events):
Event: 1,034 Thread 0x00007f148c18e800  213       3       java.util.zip.ZipFile$Source::hash_append (7 bytes)
Event: 1,034 Thread 0x00007f148c18e800 nmethod 213 0x00007f1474cac890 code [0x00007f1474caca20, 0x00007f1474cacb10]
Event: 1,035 Thread 0x00007f148c18e800  214       3       java.lang.Integer::stringSize (47 bytes)
Event: 1,035 Thread 0x00007f148c18e800 nmethod 214 0x00007f1474cacb90 code [0x00007f1474cacd20, 0x00007f1474cacf50]
Event: 1,035 Thread 0x00007f148c18e800  215       3       java.lang.Integer::getChars (131 bytes)
Event: 1,035 Thread 0x00007f148c18e800 nmethod 215 0x00007f1474cad010 code [0x00007f1474cad1e0, 0x00007f1474cad610]
Event: 1,035 Thread 0x00007f148c18e800  216       3       java.lang.String::lastIndexOf (29 bytes)
Event: 1,035 Thread 0x00007f148c18e800 nmethod 216 0x00007f1474cad890 code [0x00007f1474cada40, 0x00007f1474cadd10]
Event: 1,035 Thread 0x00007f148c18e800  217       3       java.lang.String::startsWith (7 bytes)
Event: 1,036 Thread 0x00007f148c18e800 nmethod 217 0x00007f1474cade10 code [0x00007f1474cadfa0, 0x00007f1474cae100]
Event: 1,036 Thread 0x00007f148c18e800  218       3       java.lang.String::lastIndexOf (12 bytes)
Event: 1,036 Thread 0x00007f148c18e800 nmethod 218 0x00007f1474cae190 code [0x00007f1474cae360, 0x00007f1474cae770]
Event: 1,725 Thread 0x00007f148c18e800  219       3       java.lang.StringLatin1::indexOf (121 bytes)
Event: 1,725 Thread 0x00007f148c18e800 nmethod 219 0x00007f1474cae910 code [0x00007f1474caeae0, 0x00007f1474caefd0]
Event: 1,725 Thread 0x00007f148c18e800  220       1       java.net.URL::getFile (5 bytes)
Event: 1,725 Thread 0x00007f148c18e800 nmethod 220 0x00007f147c1b3910 code [0x00007f147c1b3aa0, 0x00007f147c1b3b70]
Event: 1,750 Thread 0x00007f148c18e800  221       3       java.lang.StringBuilder::append (8 bytes)
Event: 1,751 Thread 0x00007f148c18e800 nmethod 221 0x00007f1474caf210 code [0x00007f1474caf3a0, 0x00007f1474caf500]
Event: 1,751 Thread 0x00007f148c18e800  222       3       java.lang.AbstractStringBuilder::append (55 bytes)
Event: 1,751 Thread 0x00007f148c18e800 nmethod 222 0x00007f1474caf590 code [0x00007f1474caf760, 0x00007f1474cafab0]

GC Heap History (0 events):
No events

Deoptimization events (0 events):
No events

Classes unloaded (0 events):
No events

Classes redefined (0 events):
No events

Internal exceptions (0 events):
No events

Events (20 events):
Event: 1,050 Executing VM operation: GetStackTrace
Event: 1,050 Executing VM operation: GetStackTrace done
Event: 1,678 Executing VM operation: get/set locals
Event: 1,678 Executing VM operation: get/set locals done
Event: 1,678 Executing VM operation: get/set locals
Event: 1,678 Executing VM operation: get/set locals done
Event: 1,725 loading class com/intellij/rt/debugger/BatchEvaluatorServer
Event: 1,725 loading class com/intellij/rt/debugger/BatchEvaluatorServer done
Event: 1,725 loading class java/io/ByteArrayOutputStream
Event: 1,725 loading class java/io/ByteArrayOutputStream done
Event: 1,733 Executing VM operation: GetFrameCount
Event: 1,733 Executing VM operation: GetFrameCount done
Event: 1,734 Executing VM operation: GetFrameCount
Event: 1,734 Executing VM operation: GetFrameCount done
Event: 1,734 Executing VM operation: GetStackTrace
Event: 1,734 Executing VM operation: GetStackTrace done
Event: 1,734 Executing VM operation: get/set locals
Event: 1,734 Executing VM operation: get/set locals done
Event: 1,734 Executing VM operation: get/set locals
Event: 1,734 Executing VM operation: get/set locals done


Dynamic libraries:
86400000-8de00000 rw-p 00000000 00:00 0 
8de00000-ffe00000 ---p 00000000 00:00 0 
ffe00000-ffe52000 rw-p 00bbc000 103:02 1326111                           /home/bagrorg/.jdks/openjdk-14.0.1/lib/server/classes.jsa
ffe52000-fff00000 rw-p 00000000 00:00 0 
fff00000-fff7f000 rw-p 00b3d000 103:02 1326111                           /home/bagrorg/.jdks/openjdk-14.0.1/lib/server/classes.jsa
fff7f000-100000000 rw-p 00000000 00:00 0 
800000000-800003000 rwxp 00001000 103:02 1326111                         /home/bagrorg/.jdks/openjdk-14.0.1/lib/server/classes.jsa
800003000-800b0f000 rw-p 00004000 103:02 1326111                         /home/bagrorg/.jdks/openjdk-14.0.1/lib/server/classes.jsa
800b0f000-800b8f000 rw-p 00000000 00:00 0 
800b8f000-840b0f000 ---p 00000000 00:00 0 
55f233884000-55f233885000 r-xp 00000000 103:02 1179663                   /home/bagrorg/.jdks/openjdk-14.0.1/bin/java
55f233886000-55f233887000 r--p 00001000 103:02 1179663                   /home/bagrorg/.jdks/openjdk-14.0.1/bin/java
55f233887000-55f233888000 rw-p 00002000 103:02 1179663                   /home/bagrorg/.jdks/openjdk-14.0.1/bin/java
55f234c21000-55f234c42000 rw-p 00000000 00:00 0                          [heap]
7f141c000000-7f141c021000 rw-p 00000000 00:00 0 
7f141c021000-7f1420000000 ---p 00000000 00:00 0 
7f1424000000-7f1424021000 rw-p 00000000 00:00 0 
7f1424021000-7f1428000000 ---p 00000000 00:00 0 
7f1428000000-7f1428021000 rw-p 00000000 00:00 0 
7f1428021000-7f142c000000 ---p 00000000 00:00 0 
7f142c000000-7f142c030000 rw-p 00000000 00:00 0 
7f142c030000-7f1430000000 ---p 00000000 00:00 0 
7f1430000000-7f1430021000 rw-p 00000000 00:00 0 
7f1430021000-7f1434000000 ---p 00000000 00:00 0 
7f1434000000-7f1434021000 rw-p 00000000 00:00 0 
7f1434021000-7f1438000000 ---p 00000000 00:00 0 
7f1438000000-7f1438021000 rw-p 00000000 00:00 0 
7f1438021000-7f143c000000 ---p 00000000 00:00 0 
7f143c000000-7f143c151000 rw-p 00000000 00:00 0 
7f143c151000-7f1440000000 ---p 00000000 00:00 0 
7f1440000000-7f144006b000 rw-p 00000000 00:00 0 
7f144006b000-7f1444000000 ---p 00000000 00:00 0 
7f1444000000-7f1444021000 rw-p 00000000 00:00 0 
7f1444021000-7f1448000000 ---p 00000000 00:00 0 
7f1448000000-7f1448021000 rw-p 00000000 00:00 0 
7f1448021000-7f144c000000 ---p 00000000 00:00 0 
7f144c000000-7f144c021000 rw-p 00000000 00:00 0 
7f144c021000-7f1450000000 ---p 00000000 00:00 0 
7f1450000000-7f1450021000 rw-p 00000000 00:00 0 
7f1450021000-7f1454000000 ---p 00000000 00:00 0 
7f1454000000-7f1454021000 rw-p 00000000 00:00 0 
7f1454021000-7f1458000000 ---p 00000000 00:00 0 
7f1458000000-7f1458021000 rw-p 00000000 00:00 0 
7f1458021000-7f145c000000 ---p 00000000 00:00 0 
7f145c000000-7f145c021000 rw-p 00000000 00:00 0 
7f145c021000-7f1460000000 ---p 00000000 00:00 0 
7f1460101000-7f146047e000 rw-p 00000000 00:00 0 
7f146047e000-7f146047f000 ---p 00000000 00:00 0 
7f146047f000-7f1460580000 rw-p 00000000 00:00 0 
7f1460580000-7f1460584000 ---p 00000000 00:00 0 
7f1460584000-7f1460681000 rw-p 00000000 00:00 0 
7f1460681000-7f1460685000 ---p 00000000 00:00 0 
7f1460685000-7f1460782000 rw-p 00000000 00:00 0 
7f1460782000-7f1460786000 ---p 00000000 00:00 0 
7f1460786000-7f1460883000 rw-p 00000000 00:00 0 
7f1460883000-7f1460887000 ---p 00000000 00:00 0 
7f1460887000-7f1460984000 rw-p 00000000 00:00 0 
7f1460984000-7f1460988000 ---p 00000000 00:00 0 
7f1460988000-7f1460a85000 rw-p 00000000 00:00 0 
7f1460a85000-7f1460a89000 ---p 00000000 00:00 0 
7f1460a89000-7f1460b86000 rw-p 00000000 00:00 0 
7f1460b86000-7f1460b8a000 ---p 00000000 00:00 0 
7f1460b8a000-7f1460c87000 rw-p 00000000 00:00 0 
7f1460c87000-7f1460c8b000 ---p 00000000 00:00 0 
7f1460c8b000-7f1460d88000 rw-p 00000000 00:00 0 
7f1460d88000-7f1460d8c000 ---p 00000000 00:00 0 
7f1460d8c000-7f1460e89000 rw-p 00000000 00:00 0 
7f1460e89000-7f1460e8d000 ---p 00000000 00:00 0 
7f1460e8d000-7f1460f8a000 rw-p 00000000 00:00 0 
7f1460f8a000-7f14614fc000 r--p 00000000 103:02 30409883                  /usr/lib/locale/locale-archive
7f14614fc000-7f1461500000 ---p 00000000 00:00 0 
7f1461500000-7f14615fd000 rw-p 00000000 00:00 0 
7f14615fd000-7f1461601000 ---p 00000000 00:00 0 
7f1461601000-7f14616fe000 rw-p 00000000 00:00 0 
7f14616fe000-7f14616ff000 ---p 00000000 00:00 0 
7f14616ff000-7f1461c40000 rw-p 00000000 00:00 0 
7f1461c40000-7f1462000000 ---p 00000000 00:00 0 
7f1462000000-7f1464000000 rw-p 00000000 00:00 0 
7f1464000000-7f1464021000 rw-p 00000000 00:00 0 
7f1464021000-7f1468000000 ---p 00000000 00:00 0 
7f1468000000-7f1468021000 rw-p 00000000 00:00 0 
7f1468021000-7f146c000000 ---p 00000000 00:00 0 
7f146c000000-7f146c021000 rw-p 00000000 00:00 0 
7f146c021000-7f1470000000 ---p 00000000 00:00 0 
7f147006f000-7f14700f0000 rw-p 00000000 00:00 0 
7f14700f0000-7f14700f1000 ---p 00000000 00:00 0 
7f14700f1000-7f14701f2000 rw-p 00000000 00:00 0 
7f14701f2000-7f14701f3000 ---p 00000000 00:00 0 
7f14701f3000-7f1470be3000 rw-p 00000000 00:00 0 
7f1470be3000-7f1472863000 ---p 00000000 00:00 0 
7f1472863000-7f1472a53000 rw-p 00000000 00:00 0 
7f1472a53000-7f14746d3000 ---p 00000000 00:00 0 
7f14746d3000-7f14746db000 rw-p 00000000 00:00 0 
7f14746db000-7f147494b000 rwxp 00000000 00:00 0 
7f147494b000-7f1474c6d000 ---p 00000000 00:00 0 
7f1474c6d000-7f1474edd000 rwxp 00000000 00:00 0 
7f1474edd000-7f147c1a4000 ---p 00000000 00:00 0 
7f147c1a4000-7f147c414000 rwxp 00000000 00:00 0 
7f147c414000-7f14836db000 ---p 00000000 00:00 0 
7f14836db000-7f148c000000 r--s 00000000 103:02 1326102                   /home/bagrorg/.jdks/openjdk-14.0.1/lib/modules
7f148c000000-7f148c2e6000 rw-p 00000000 00:00 0 
7f148c2e6000-7f1490000000 ---p 00000000 00:00 0 
7f1490029000-7f149003e000 r-xp 00000000 103:02 1326092                   /home/bagrorg/.jdks/openjdk-14.0.1/lib/libnet.so
7f149003e000-7f149003f000 r--p 00014000 103:02 1326092                   /home/bagrorg/.jdks/openjdk-14.0.1/lib/libnet.so
7f149003f000-7f1490040000 rw-p 00015000 103:02 1326092                   /home/bagrorg/.jdks/openjdk-14.0.1/lib/libnet.so
7f1490040000-7f1490051000 r-xp 00000000 103:02 1326093                   /home/bagrorg/.jdks/openjdk-14.0.1/lib/libnio.so
7f1490051000-7f1490052000 ---p 00011000 103:02 1326093                   /home/bagrorg/.jdks/openjdk-14.0.1/lib/libnio.so
7f1490052000-7f1490053000 r--p 00011000 103:02 1326093                   /home/bagrorg/.jdks/openjdk-14.0.1/lib/libnio.so
7f1490053000-7f1490054000 rw-p 00012000 103:02 1326093                   /home/bagrorg/.jdks/openjdk-14.0.1/lib/libnio.so
7f1490054000-7f1490059000 r-xp 00000000 103:02 1326071                   /home/bagrorg/.jdks/openjdk-14.0.1/lib/libdt_socket.so
7f1490059000-7f149005a000 r--p 00004000 103:02 1326071                   /home/bagrorg/.jdks/openjdk-14.0.1/lib/libdt_socket.so
7f149005a000-7f149005b000 rw-p 00005000 103:02 1326071                   /home/bagrorg/.jdks/openjdk-14.0.1/lib/libdt_socket.so
7f149005b000-7f1490062000 r--s 00000000 103:02 31071901                  /usr/lib/x86_64-linux-gnu/gconv/gconv-modules.cache
7f1490062000-7f14901ff000 rw-p 00000000 00:00 0 
7f14901ff000-7f1490200000 ---p 00000000 00:00 0 
7f1490200000-7f1490301000 rw-p 00000000 00:00 0 
7f1490301000-7f1490302000 ---p 00000000 00:00 0 
7f1490302000-7f1490403000 rw-p 00000000 00:00 0 
7f1490403000-7f1490404000 ---p 00000000 00:00 0 
7f1490404000-7f14905c0000 rw-p 00000000 00:00 0 
7f14905c0000-7f1490950000 ---p 00000000 00:00 0 
7f1490950000-7f149098e000 rw-p 00000000 00:00 0 
7f149098e000-7f1490d1e000 ---p 00000000 00:00 0 
7f1490d1e000-7f1490d5c000 rw-p 00000000 00:00 0 
7f1490d5c000-7f14910ec000 ---p 00000000 00:00 0 
7f14910ec000-7f14918fa000 rw-p 00000000 00:00 0 
7f14918fa000-7f14919e0000 ---p 00000000 00:00 0 
7f14919e0000-7f14919e5000 rw-p 00000000 00:00 0 
7f14919e5000-7f1491acb000 ---p 00000000 00:00 0 
7f1491acb000-7f1491ace000 r--p 00000000 103:02 30414838                  /usr/lib/x86_64-linux-gnu/libnss_files-2.31.so
7f1491ace000-7f1491ad5000 r-xp 00003000 103:02 30414838                  /usr/lib/x86_64-linux-gnu/libnss_files-2.31.so
7f1491ad5000-7f1491ad7000 r--p 0000a000 103:02 30414838                  /usr/lib/x86_64-linux-gnu/libnss_files-2.31.so
7f1491ad7000-7f1491ad8000 r--p 0000b000 103:02 30414838                  /usr/lib/x86_64-linux-gnu/libnss_files-2.31.so
7f1491ad8000-7f1491ad9000 rw-p 0000c000 103:02 30414838                  /usr/lib/x86_64-linux-gnu/libnss_files-2.31.so
7f1491ad9000-7f1491adf000 rw-p 00000000 00:00 0 
7f1491adf000-7f1491ae0000 r--p 00000000 103:02 3804788                   /home/bagrorg/IdeaProjects/MatrixCUDA/src/main/cpp/cmake-build-debug/libmatrix.so
7f1491ae0000-7f1491ae1000 r-xp 00001000 103:02 3804788                   /home/bagrorg/IdeaProjects/MatrixCUDA/src/main/cpp/cmake-build-debug/libmatrix.so
7f1491ae1000-7f1491ae2000 r--p 00002000 103:02 3804788                   /home/bagrorg/IdeaProjects/MatrixCUDA/src/main/cpp/cmake-build-debug/libmatrix.so
7f1491ae2000-7f1491ae3000 r--p 00002000 103:02 3804788                   /home/bagrorg/IdeaProjects/MatrixCUDA/src/main/cpp/cmake-build-debug/libmatrix.so
7f1491ae3000-7f1491ae4000 rw-p 00003000 103:02 3804788                   /home/bagrorg/IdeaProjects/MatrixCUDA/src/main/cpp/cmake-build-debug/libmatrix.so
7f1491ae4000-7f1491ae9000 rw-p 00000000 00:00 0 
7f1491ae9000-7f1491af0000 ---p 00000000 00:00 0 
7f1491af0000-7f1491af7000 r-xp 00000000 103:02 1326101                   /home/bagrorg/.jdks/openjdk-14.0.1/lib/libzip.so
7f1491af7000-7f1491af8000 r--p 00006000 103:02 1326101                   /home/bagrorg/.jdks/openjdk-14.0.1/lib/libzip.so
7f1491af8000-7f1491af9000 rw-p 00007000 103:02 1326101                   /home/bagrorg/.jdks/openjdk-14.0.1/lib/libzip.so
7f1491af9000-7f1491b01000 rw-s 00000000 103:02 3559577                   /tmp/hsperfdata_bagrorg/25992
7f1491b01000-7f1491b0b000 r-xp 00000000 103:02 1326074                   /home/bagrorg/.jdks/openjdk-14.0.1/lib/libinstrument.so
7f1491b0b000-7f1491b0c000 r--p 00009000 103:02 1326074                   /home/bagrorg/.jdks/openjdk-14.0.1/lib/libinstrument.so
7f1491b0c000-7f1491b0d000 rw-p 0000a000 103:02 1326074                   /home/bagrorg/.jdks/openjdk-14.0.1/lib/libinstrument.so
7f1491b0d000-7f1491b31000 r-xp 00000000 103:02 1326079                   /home/bagrorg/.jdks/openjdk-14.0.1/lib/libjava.so
7f1491b31000-7f1491b32000 r--p 00023000 103:02 1326079                   /home/bagrorg/.jdks/openjdk-14.0.1/lib/libjava.so
7f1491b32000-7f1491b34000 rw-p 00024000 103:02 1326079                   /home/bagrorg/.jdks/openjdk-14.0.1/lib/libjava.so
7f1491b34000-7f1491b70000 r-xp 00000000 103:02 1326082                   /home/bagrorg/.jdks/openjdk-14.0.1/lib/libjdwp.so
7f1491b70000-7f1491b71000 r--p 0003b000 103:02 1326082                   /home/bagrorg/.jdks/openjdk-14.0.1/lib/libjdwp.so
7f1491b71000-7f1491b72000 rw-p 0003c000 103:02 1326082                   /home/bagrorg/.jdks/openjdk-14.0.1/lib/libjdwp.so
7f1491b72000-7f1491b75000 r--p 00000000 103:02 30414845                  /usr/lib/x86_64-linux-gnu/librt-2.31.so
7f1491b75000-7f1491b79000 r-xp 00003000 103:02 30414845                  /usr/lib/x86_64-linux-gnu/librt-2.31.so
7f1491b79000-7f1491b7a000 r--p 00007000 103:02 30414845                  /usr/lib/x86_64-linux-gnu/librt-2.31.so
7f1491b7a000-7f1491b7b000 ---p 00008000 103:02 30414845                  /usr/lib/x86_64-linux-gnu/librt-2.31.so
7f1491b7b000-7f1491b7c000 r--p 00008000 103:02 30414845                  /usr/lib/x86_64-linux-gnu/librt-2.31.so
7f1491b7c000-7f1491b7d000 rw-p 00009000 103:02 30414845                  /usr/lib/x86_64-linux-gnu/librt-2.31.so
7f1491b7d000-7f1491b81000 ---p 00000000 00:00 0 
7f1491b81000-7f1491c7e000 rw-p 00000000 00:00 0 
7f1491c7e000-7f1491c8d000 r--p 00000000 103:02 30414832                  /usr/lib/x86_64-linux-gnu/libm-2.31.so
7f1491c8d000-7f1491d34000 r-xp 0000f000 103:02 30414832                  /usr/lib/x86_64-linux-gnu/libm-2.31.so
7f1491d34000-7f1491dcb000 r--p 000b6000 103:02 30414832                  /usr/lib/x86_64-linux-gnu/libm-2.31.so
7f1491dcb000-7f1491dcc000 r--p 0014c000 103:02 30414832                  /usr/lib/x86_64-linux-gnu/libm-2.31.so
7f1491dcc000-7f1491dcd000 rw-p 0014d000 103:02 30414832                  /usr/lib/x86_64-linux-gnu/libm-2.31.so
7f1491dcd000-7f1492ddc000 r-xp 00000000 103:02 1326113                   /home/bagrorg/.jdks/openjdk-14.0.1/lib/server/libjvm.so
7f1492ddc000-7f1492ddd000 ---p 0100f000 103:02 1326113                   /home/bagrorg/.jdks/openjdk-14.0.1/lib/server/libjvm.so
7f1492ddd000-7f1492e81000 r--p 0100f000 103:02 1326113                   /home/bagrorg/.jdks/openjdk-14.0.1/lib/server/libjvm.so
7f1492e81000-7f1492eb9000 rw-p 010b3000 103:02 1326113                   /home/bagrorg/.jdks/openjdk-14.0.1/lib/server/libjvm.so
7f1492eb9000-7f1492f3c000 rw-p 00000000 00:00 0 
7f1492f3c000-7f1492f61000 r--p 00000000 103:02 30414830                  /usr/lib/x86_64-linux-gnu/libc-2.31.so
7f1492f61000-7f14930d9000 r-xp 00025000 103:02 30414830                  /usr/lib/x86_64-linux-gnu/libc-2.31.so
7f14930d9000-7f1493123000 r--p 0019d000 103:02 30414830                  /usr/lib/x86_64-linux-gnu/libc-2.31.so
7f1493123000-7f1493124000 ---p 001e7000 103:02 30414830                  /usr/lib/x86_64-linux-gnu/libc-2.31.so
7f1493124000-7f1493127000 r--p 001e7000 103:02 30414830                  /usr/lib/x86_64-linux-gnu/libc-2.31.so
7f1493127000-7f149312a000 rw-p 001ea000 103:02 30414830                  /usr/lib/x86_64-linux-gnu/libc-2.31.so
7f149312a000-7f149312e000 rw-p 00000000 00:00 0 
7f149312e000-7f149312f000 r--p 00000000 103:02 30414831                  /usr/lib/x86_64-linux-gnu/libdl-2.31.so
7f149312f000-7f1493131000 r-xp 00001000 103:02 30414831                  /usr/lib/x86_64-linux-gnu/libdl-2.31.so
7f1493131000-7f1493132000 r--p 00003000 103:02 30414831                  /usr/lib/x86_64-linux-gnu/libdl-2.31.so
7f1493132000-7f1493133000 r--p 00003000 103:02 30414831                  /usr/lib/x86_64-linux-gnu/libdl-2.31.so
7f1493133000-7f1493134000 rw-p 00004000 103:02 30414831                  /usr/lib/x86_64-linux-gnu/libdl-2.31.so
7f1493134000-7f149313b000 r--p 00000000 103:02 30414843                  /usr/lib/x86_64-linux-gnu/libpthread-2.31.so
7f149313b000-7f149314c000 r-xp 00007000 103:02 30414843                  /usr/lib/x86_64-linux-gnu/libpthread-2.31.so
7f149314c000-7f1493151000 r--p 00018000 103:02 30414843                  /usr/lib/x86_64-linux-gnu/libpthread-2.31.so
7f1493151000-7f1493152000 r--p 0001c000 103:02 30414843                  /usr/lib/x86_64-linux-gnu/libpthread-2.31.so
7f1493152000-7f1493153000 rw-p 0001d000 103:02 30414843                  /usr/lib/x86_64-linux-gnu/libpthread-2.31.so
7f1493153000-7f1493157000 rw-p 00000000 00:00 0 
7f1493157000-7f1493165000 r-xp 00000000 103:02 1326084                   /home/bagrorg/.jdks/openjdk-14.0.1/lib/libjli.so
7f1493165000-7f1493166000 ---p 0000e000 103:02 1326084                   /home/bagrorg/.jdks/openjdk-14.0.1/lib/libjli.so
7f1493166000-7f1493167000 r--p 0000e000 103:02 1326084                   /home/bagrorg/.jdks/openjdk-14.0.1/lib/libjli.so
7f1493167000-7f1493168000 rw-p 0000f000 103:02 1326084                   /home/bagrorg/.jdks/openjdk-14.0.1/lib/libjli.so
7f1493168000-7f149316a000 r--p 00000000 103:02 30410687                  /usr/lib/x86_64-linux-gnu/libz.so.1.2.11
7f149316a000-7f149317b000 r-xp 00002000 103:02 30410687                  /usr/lib/x86_64-linux-gnu/libz.so.1.2.11
7f149317b000-7f1493181000 r--p 00013000 103:02 30410687                  /usr/lib/x86_64-linux-gnu/libz.so.1.2.11
7f1493181000-7f1493182000 ---p 00019000 103:02 30410687                  /usr/lib/x86_64-linux-gnu/libz.so.1.2.11
7f1493182000-7f1493183000 r--p 00019000 103:02 30410687                  /usr/lib/x86_64-linux-gnu/libz.so.1.2.11
7f1493183000-7f1493184000 rw-p 0001a000 103:02 30410687                  /usr/lib/x86_64-linux-gnu/libz.so.1.2.11
7f1493184000-7f1493186000 rw-p 00000000 00:00 0 
7f1493187000-7f1493188000 r--s 00002000 07:15 2252                       /snap/intellij-idea-ultimate/289/plugins/java/lib/rt/debugger-agent-storage.jar
7f1493188000-7f1493189000 ---p 00000000 00:00 0 
7f1493189000-7f149318a000 r--p 00000000 00:00 0 
7f149318a000-7f14931a5000 r-xp 00000000 103:02 1326083                   /home/bagrorg/.jdks/openjdk-14.0.1/lib/libjimage.so
7f14931a5000-7f14931a7000 r--p 0001a000 103:02 1326083                   /home/bagrorg/.jdks/openjdk-14.0.1/lib/libjimage.so
7f14931a7000-7f14931a8000 rw-p 0001c000 103:02 1326083                   /home/bagrorg/.jdks/openjdk-14.0.1/lib/libjimage.so
7f14931a8000-7f14931a9000 r--p 00000000 103:02 30414818                  /usr/lib/x86_64-linux-gnu/ld-2.31.so
7f14931a9000-7f14931cc000 r-xp 00001000 103:02 30414818                  /usr/lib/x86_64-linux-gnu/ld-2.31.so
7f14931cc000-7f14931d4000 r--p 00024000 103:02 30414818                  /usr/lib/x86_64-linux-gnu/ld-2.31.so
7f14931d4000-7f14931d5000 ---p 00000000 00:00 0 
7f14931d5000-7f14931d6000 r--p 0002c000 103:02 30414818                  /usr/lib/x86_64-linux-gnu/ld-2.31.so
7f14931d6000-7f14931d7000 rw-p 0002d000 103:02 30414818                  /usr/lib/x86_64-linux-gnu/ld-2.31.so
7f14931d7000-7f14931d8000 rw-p 00000000 00:00 0 
7ffd0d56d000-7ffd0d58e000 rw-p 00000000 00:00 0                          [stack]
7ffd0d597000-7ffd0d59b000 r--p 00000000 00:00 0                          [vvar]
7ffd0d59b000-7ffd0d59d000 r-xp 00000000 00:00 0                          [vdso]
ffffffffff600000-ffffffffff601000 --xp 00000000 00:00 0                  [vsyscall]


VM Arguments:
jvm_args: -agentlib:jdwp=transport=dt_socket,address=127.0.0.1:60251,suspend=y,server=n -javaagent:/snap/intellij-idea-ultimate/289/plugins/java/lib/rt/debugger-agent.jar -Dfile.encoding=UTF-8 
java_command: com.example.bagrorg.MainKt
java_class_path (initial): /home/bagrorg/IdeaProjects/MatrixCUDA/build/classes/kotlin/main:/home/bagrorg/.gradle/caches/modules-2/files-2.1/org.jetbrains.kotlin/kotlin-stdlib-jdk8/1.4.32/3302f9ec8a5c1ed220781dbd37770072549bd333/kotlin-stdlib-jdk8-1.4.32.jar:/home/bagrorg/.gradle/caches/modules-2/files-2.1/org.jetbrains.kotlin/kotlin-stdlib-jdk7/1.4.32/3546900a3ebff0c43f31190baf87a9220e37b7ea/kotlin-stdlib-jdk7-1.4.32.jar:/home/bagrorg/.gradle/caches/modules-2/files-2.1/org.jetbrains.kotlin/kotlin-stdlib/1.4.32/461367948840adbb0839c51d91ed74ef4a9ccb52/kotlin-stdlib-1.4.32.jar:/home/bagrorg/.gradle/caches/modules-2/files-2.1/org.jetbrains.kotlin/kotlin-stdlib-common/1.4.32/ef50bfa2c0491a11dcc35d9822edbfd6170e1ea2/kotlin-stdlib-common-1.4.32.jar:/home/bagrorg/.gradle/caches/modules-2/files-2.1/org.jetbrains/annotations/13.0/919f0dfe192fb4e063e7dacadee7f8bb9a2672a9/annotations-13.0.jar:/snap/intellij-idea-ultimate/289/lib/idea_rt.jar
Launcher Type: SUN_STANDARD

[Global flags]
     intx CICompilerCount                          = 4                                         {product} {ergonomic}
     uint ConcGCThreads                            = 2                                         {product} {ergonomic}
     uint G1ConcRefinementThreads                  = 8                                         {product} {ergonomic}
   size_t G1HeapRegionSize                         = 1048576                                   {product} {ergonomic}
    uintx GCDrainStackTargetSize                   = 64                                        {product} {ergonomic}
   size_t InitialHeapSize                          = 127926272                                 {product} {ergonomic}
   size_t MarkStackSize                            = 4194304                                   {product} {ergonomic}
   size_t MaxHeapSize                              = 2042626048                                {product} {ergonomic}
   size_t MaxNewSize                               = 1224736768                                {product} {ergonomic}
   size_t MinHeapDeltaBytes                        = 1048576                                   {product} {ergonomic}
   size_t MinHeapSize                              = 8388608                                   {product} {ergonomic}
    uintx NonNMethodCodeHeapSize                   = 5839372                                {pd product} {ergonomic}
    uintx NonProfiledCodeHeapSize                  = 122909434                              {pd product} {ergonomic}
    uintx ProfiledCodeHeapSize                     = 122909434                              {pd product} {ergonomic}
    uintx ReservedCodeCacheSize                    = 251658240                              {pd product} {ergonomic}
     bool SegmentedCodeCache                       = true                                      {product} {ergonomic}
   size_t SoftMaxHeapSize                          = 2042626048                             {manageable} {ergonomic}
     bool UseCompressedClassPointers               = true                                 {lp64_product} {ergonomic}
     bool UseCompressedOops                        = true                                 {lp64_product} {ergonomic}
     bool UseG1GC                                  = true                                      {product} {ergonomic}

Logging:
Log output configuration:
 #0: stdout all=warning uptime,level,tags
 #1: stderr all=off uptime,level,tags

Environment Variables:
PATH=/home/bagrorg/.elan/bin:/home/bagrorg/.local/bin:/home/bagrorg/bin:/usr/local/sbin:/usr/local/bin:/usr/sbin:/usr/bin:/sbin:/bin:/usr/games:/usr/local/games:/snap/bin:/home/bagrorg/.dotnet/tools
USERNAME=bagrorg
SHELL=/bin/bash
DISPLAY=:0

Signal Handlers:
SIGSEGV: [libjvm.so+0xd315c0], sa_mask[0]=11111111011111111101111111111110, sa_flags=SA_RESTART|SA_SIGINFO
SIGBUS: [libjvm.so+0xd315c0], sa_mask[0]=11111111011111111101111111111110, sa_flags=SA_RESTART|SA_SIGINFO
SIGFPE: [libjvm.so+0xd315c0], sa_mask[0]=11111111011111111101111111111110, sa_flags=SA_RESTART|SA_SIGINFO
SIGPIPE: [libjvm.so+0xb1c1d0], sa_mask[0]=11111111011111111101111111111110, sa_flags=SA_RESTART|SA_SIGINFO
SIGXFSZ: [libjvm.so+0xb1c1d0], sa_mask[0]=11111111011111111101111111111110, sa_flags=SA_RESTART|SA_SIGINFO
SIGILL: [libjvm.so+0xd315c0], sa_mask[0]=11111111011111111101111111111110, sa_flags=SA_RESTART|SA_SIGINFO
SIGUSR2: [libjvm.so+0xb1c060], sa_mask[0]=00100000000000000000000000000000, sa_flags=SA_RESTART|SA_SIGINFO
SIGHUP: [libjvm.so+0xb1c7d0], sa_mask[0]=11111111011111111101111111111110, sa_flags=SA_RESTART|SA_SIGINFO
SIGINT: [libjvm.so+0xb1c7d0], sa_mask[0]=11111111011111111101111111111110, sa_flags=SA_RESTART|SA_SIGINFO
SIGTERM: [libjvm.so+0xb1c7d0], sa_mask[0]=11111111011111111101111111111110, sa_flags=SA_RESTART|SA_SIGINFO
SIGQUIT: [libjvm.so+0xb1c7d0], sa_mask[0]=11111111011111111101111111111110, sa_flags=SA_RESTART|SA_SIGINFO


---------------  S Y S T E M  ---------------

OS:DISTRIB_ID=Ubuntu
DISTRIB_RELEASE=20.04
DISTRIB_CODENAME=focal
DISTRIB_DESCRIPTION="Ubuntu 20.04.2 LTS"
uname:Linux 5.8.0-48-generic #54~20.04.1-Ubuntu SMP Sat Mar 20 13:40:25 UTC 2021 x86_64
OS uptime: 0 days 5:50 hours
libc:glibc 2.31 NPTL 2.31 
rlimit: STACK 8192k, CORE 0k, NPROC 30909, NOFILE 1048576, AS infinity, DATA infinity, FSIZE infinity
load average:1,01 1,10 1,22

/proc/meminfo:
MemTotal:        7977784 kB
MemFree:          132548 kB
MemAvailable:     579340 kB
Buffers:           36856 kB
Cached:          1109444 kB
SwapCached:        22624 kB
Active:          6154428 kB
Inactive:        1106972 kB
Active(anon):    5828304 kB
Inactive(anon):   826444 kB
Active(file):     326124 kB
Inactive(file):   280528 kB
Unevictable:        1176 kB
Mlocked:              32 kB
SwapTotal:       2097148 kB
SwapFree:          33764 kB
Dirty:              8244 kB
Writeback:             0 kB
AnonPages:       6094040 kB
Mapped:           260712 kB
Shmem:            539588 kB
KReclaimable:     126820 kB
Slab:             373440 kB
SReclaimable:     126820 kB
SUnreclaim:       246620 kB
KernelStack:       24160 kB
PageTables:        49728 kB
NFS_Unstable:          0 kB
Bounce:                0 kB
WritebackTmp:          0 kB
CommitLimit:     6086040 kB
Committed_AS:   14940308 kB
VmallocTotal:   34359738367 kB
VmallocUsed:       52152 kB
VmallocChunk:          0 kB
Percpu:            11104 kB
HardwareCorrupted:     0 kB
AnonHugePages:         0 kB
ShmemHugePages:        0 kB
ShmemPmdMapped:        0 kB
FileHugePages:         0 kB
FilePmdMapped:         0 kB
HugePages_Total:       0
HugePages_Free:        0
HugePages_Rsvd:        0
HugePages_Surp:        0
Hugepagesize:       2048 kB
Hugetlb:               0 kB
DirectMap4k:      492988 kB
DirectMap2M:     7723008 kB
DirectMap1G:     1048576 kB


/proc/sys/kernel/threads-max (system-wide limit on the number of threads):
61819


/proc/sys/vm/max_map_count (maximum number of memory map areas a process may have):
65530


/proc/sys/kernel/pid_max (system-wide limit on number of process identifiers):
4194304



container (cgroup) information:
container_type: cgroupv1
cpu_cpuset_cpus: 0-7
cpu_memory_nodes: 0
active_processor_count: 8
cpu_quota: no quota
cpu_period: 100000
cpu_shares: no shares
memory_limit_in_bytes: unlimited
memory_and_swap_limit_in_bytes: unlimited
memory_soft_limit_in_bytes: unlimited
memory_usage_in_bytes: 7175536640
memory_max_usage_in_bytes: 7497416704

Steal ticks since vm start: 0
Steal ticks percentage since vm start:  0,000

CPU:total 8 (initial active 8) (4 cores per cpu, 2 threads per core) family 6 model 142 stepping 12, cmov, cx8, fxsr, mmx, sse, sse2, sse3, ssse3, sse4.1, sse4.2, popcnt, avx, avx2, aes, clmul, erms, 3dnowpref, lzcnt, ht, tsc, tscinvbit, bmi1, bmi2, adx, fma
CPU Model and flags from /proc/cpuinfo:
model name	: Intel(R) Core(TM) i5-10210U CPU @ 1.60GHz
flags		: fpu vme de pse tsc msr pae mce cx8 apic sep mtrr pge mca cmov pat pse36 clflush dts acpi mmx fxsr sse sse2 ss ht tm pbe syscall nx pdpe1gb rdtscp lm constant_tsc art arch_perfmon pebs bts rep_good nopl xtopology nonstop_tsc cpuid aperfmperf pni pclmulqdq dtes64 monitor ds_cpl vmx est tm2 ssse3 sdbg fma cx16 xtpr pdcm pcid sse4_1 sse4_2 x2apic movbe popcnt tsc_deadline_timer aes xsave avx f16c rdrand lahf_lm abm 3dnowprefetch cpuid_fault epb invpcid_single ssbd ibrs ibpb stibp ibrs_enhanced tpr_shadow vnmi flexpriority ept vpid ept_ad fsgsbase tsc_adjust bmi1 avx2 smep bmi2 erms invpcid mpx rdseed adx smap clflushopt intel_pt xsaveopt xsavec xgetbv1 xsaves dtherm ida arat pln pts hwp hwp_notify hwp_act_window hwp_epp md_clear flush_l1d arch_capabilities

Memory: 4k page, physical 7977784k(132548k free), swap 2097148k(33764k free)

vm_info: OpenJDK 64-Bit Server VM (14.0.1+7) for linux-amd64 JRE (14.0.1+7), built on Mar  5 2020 10:33:03 by "mach5one" with gcc 8.3.0

END.
